24-Apr-2024 15:15:10.590 資訊 [main] org.apache.catalina.startup.VersionLoggerListener.log Server version name:   Apache Tomcat/11.0.0-M19
24-Apr-2024 15:15:10.602 資訊 [main] org.apache.catalina.startup.VersionLoggerListener.log Server built:          Apr 9 2024 12:06:10 UTC
24-Apr-2024 15:15:10.602 資訊 [main] org.apache.catalina.startup.VersionLoggerListener.log Server version number: 11.0.0.0
24-Apr-2024 15:15:10.603 資訊 [main] org.apache.catalina.startup.VersionLoggerListener.log OS Name:               Windows 10
24-Apr-2024 15:15:10.603 資訊 [main] org.apache.catalina.startup.VersionLoggerListener.log OS Version:            10.0
24-Apr-2024 15:15:10.603 資訊 [main] org.apache.catalina.startup.VersionLoggerListener.log Architecture:          amd64
24-Apr-2024 15:15:10.604 資訊 [main] org.apache.catalina.startup.VersionLoggerListener.log Java Home:             C:\Users\kevin\.jdks\corretto-21.0.3
24-Apr-2024 15:15:10.604 資訊 [main] org.apache.catalina.startup.VersionLoggerListener.log JVM Version:           21.0.3+9-LTS
24-Apr-2024 15:15:10.604 資訊 [main] org.apache.catalina.startup.VersionLoggerListener.log JVM Vendor:            Amazon.com Inc.
24-Apr-2024 15:15:10.604 資訊 [main] org.apache.catalina.startup.VersionLoggerListener.log CATALINA_BASE:         C:\Users\kevin\Documents\GitHub\comp4321\apache-tomcat-11.0.0-M19
24-Apr-2024 15:15:10.605 資訊 [main] org.apache.catalina.startup.VersionLoggerListener.log CATALINA_HOME:         C:\Users\kevin\Documents\GitHub\comp4321\apache-tomcat-11.0.0-M19
24-Apr-2024 15:15:10.631 資訊 [main] org.apache.catalina.startup.VersionLoggerListener.log Command line argument: -Djava.util.logging.config.file=C:\Users\kevin\Documents\GitHub\comp4321\apache-tomcat-11.0.0-M19\conf\logging.properties
24-Apr-2024 15:15:10.642 資訊 [main] org.apache.catalina.startup.VersionLoggerListener.log Command line argument: -Djava.util.logging.manager=org.apache.juli.ClassLoaderLogManager
24-Apr-2024 15:15:10.645 資訊 [main] org.apache.catalina.startup.VersionLoggerListener.log Command line argument: -Djdk.tls.ephemeralDHKeySize=2048
24-Apr-2024 15:15:10.647 資訊 [main] org.apache.catalina.startup.VersionLoggerListener.log Command line argument: --add-opens=java.base/java.lang=ALL-UNNAMED
24-Apr-2024 15:15:10.648 資訊 [main] org.apache.catalina.startup.VersionLoggerListener.log Command line argument: --add-opens=java.base/java.io=ALL-UNNAMED
24-Apr-2024 15:15:10.650 資訊 [main] org.apache.catalina.startup.VersionLoggerListener.log Command line argument: --add-opens=java.base/java.util=ALL-UNNAMED
24-Apr-2024 15:15:10.652 資訊 [main] org.apache.catalina.startup.VersionLoggerListener.log Command line argument: --add-opens=java.base/java.util.concurrent=ALL-UNNAMED
24-Apr-2024 15:15:10.653 資訊 [main] org.apache.catalina.startup.VersionLoggerListener.log Command line argument: --add-opens=java.rmi/sun.rmi.transport=ALL-UNNAMED
24-Apr-2024 15:15:10.656 資訊 [main] org.apache.catalina.startup.VersionLoggerListener.log Command line argument: --enable-native-access=ALL-UNNAMED
24-Apr-2024 15:15:10.658 資訊 [main] org.apache.catalina.startup.VersionLoggerListener.log Command line argument: -Dcatalina.base=C:\Users\kevin\Documents\GitHub\comp4321\apache-tomcat-11.0.0-M19
24-Apr-2024 15:15:10.675 資訊 [main] org.apache.catalina.startup.VersionLoggerListener.log Command line argument: -Dcatalina.home=C:\Users\kevin\Documents\GitHub\comp4321\apache-tomcat-11.0.0-M19
24-Apr-2024 15:15:10.678 資訊 [main] org.apache.catalina.startup.VersionLoggerListener.log Command line argument: -Djava.io.tmpdir=C:\Users\kevin\Documents\GitHub\comp4321\apache-tomcat-11.0.0-M19\temp
24-Apr-2024 15:15:10.702 資訊 [main] org.apache.catalina.core.AprLifecycleListener.lifecycleEvent The Apache Tomcat Native library which allows using OpenSSL was not found on the java.library.path: [C:\Users\kevin\.jdks\corretto-21.0.3\bin;C:\WINDOWS\Sun\Java\bin;C:\WINDOWS\system32;C:\WINDOWS;C:\Program Files\NVIDIA GPU Computing Toolkit\CUDA\v12.2\bin;C:\Program Files\NVIDIA GPU Computing Toolkit\CUDA\v12.2\libnvvp;;C:\Program Files\Common Files\Oracle\Java\javapath;C:\Program Files (x86)\Common Files\Oracle\Java\javapath;C:\Windows\system32;C:\Windows;C:\Windows\System32\Wbem;C:\Windows\System32\WindowsPowerShell\v1.0\;C:\Windows\System32\OpenSSH\;C:\Program Files (x86)\NVIDIA Corporation\PhysX\Common;C:\WINDOWS\system32;C:\WINDOWS;C:\WINDOWS\System32\Wbem;C:\WINDOWS\System32\WindowsPowerShell\v1.0\;C:\WINDOWS\System32\OpenSSH\;C:\Program Files\dotnet\;C:\Program Files\PuTTY\;C:\Program Files\Docker\Docker\resources\bin;C:\Program Files\Microsoft SQL Server\150\Tools\Binn\;C:\Program Files\nodejs\;C:\Program Files\CMake\bin;C:\Program Files\NVIDIA Corporation\Nsight Compute 2023.2.2\;C:\Program Files\NVIDIA Corporation\NVIDIA NvDLISR;C:\Program Files (x86)\Windows Kits\10\Windows Performance Toolkit\;C:\Users\kevin\AppData\Local\Microsoft\WindowsApps;C:\Users\kevin\AppData\Local\Programs\Git\cmd;C:\Users\kevin\AppData\Local\Programs\Microsoft VS Code\bin;C:\Users\kevin\AppData\Local\GitHubDesktop\bin;C:\Users\kevin\AppData\Roaming\npm;.]
24-Apr-2024 15:15:11.121 資訊 [main] org.apache.coyote.AbstractProtocol.init Initializing ProtocolHandler ["http-nio-8080"]
24-Apr-2024 15:15:11.165 資訊 [main] org.apache.catalina.startup.Catalina.load Server initialization in [880] milliseconds
24-Apr-2024 15:15:11.266 資訊 [main] org.apache.catalina.core.StandardService.startInternal Starting service [Catalina]
24-Apr-2024 15:15:11.273 資訊 [main] org.apache.catalina.core.StandardEngine.startInternal Starting Servlet engine: [Apache Tomcat/11.0.0-M19]
24-Apr-2024 15:15:11.306 資訊 [main] org.apache.catalina.startup.HostConfig.deployDirectory Deploying web application directory [C:\Users\kevin\Documents\GitHub\comp4321\apache-tomcat-11.0.0-M19\webapps\comp4321]
24-Apr-2024 15:15:11.781 資訊 [main] org.apache.catalina.startup.HostConfig.deployDirectory Deployment of web application directory [C:\Users\kevin\Documents\GitHub\comp4321\apache-tomcat-11.0.0-M19\webapps\comp4321] has finished in [474] ms
24-Apr-2024 15:15:11.785 資訊 [main] org.apache.catalina.startup.HostConfig.deployDirectory Deploying web application directory [C:\Users\kevin\Documents\GitHub\comp4321\apache-tomcat-11.0.0-M19\webapps\docs]
24-Apr-2024 15:15:11.849 資訊 [main] org.apache.catalina.startup.HostConfig.deployDirectory Deployment of web application directory [C:\Users\kevin\Documents\GitHub\comp4321\apache-tomcat-11.0.0-M19\webapps\docs] has finished in [63] ms
24-Apr-2024 15:15:11.852 資訊 [main] org.apache.catalina.startup.HostConfig.deployDirectory Deploying web application directory [C:\Users\kevin\Documents\GitHub\comp4321\apache-tomcat-11.0.0-M19\webapps\examples]
24-Apr-2024 15:15:12.883 資訊 [main] org.apache.catalina.startup.HostConfig.deployDirectory Deployment of web application directory [C:\Users\kevin\Documents\GitHub\comp4321\apache-tomcat-11.0.0-M19\webapps\examples] has finished in [1,031] ms
24-Apr-2024 15:15:12.887 資訊 [main] org.apache.catalina.startup.HostConfig.deployDirectory Deploying web application directory [C:\Users\kevin\Documents\GitHub\comp4321\apache-tomcat-11.0.0-M19\webapps\host-manager]
24-Apr-2024 15:15:12.968 資訊 [main] org.apache.catalina.startup.HostConfig.deployDirectory Deployment of web application directory [C:\Users\kevin\Documents\GitHub\comp4321\apache-tomcat-11.0.0-M19\webapps\host-manager] has finished in [81] ms
24-Apr-2024 15:15:12.974 資訊 [main] org.apache.catalina.startup.HostConfig.deployDirectory Deploying web application directory [C:\Users\kevin\Documents\GitHub\comp4321\apache-tomcat-11.0.0-M19\webapps\manager]
24-Apr-2024 15:15:13.039 資訊 [main] org.apache.catalina.startup.HostConfig.deployDirectory Deployment of web application directory [C:\Users\kevin\Documents\GitHub\comp4321\apache-tomcat-11.0.0-M19\webapps\manager] has finished in [64] ms
24-Apr-2024 15:15:13.042 資訊 [main] org.apache.catalina.startup.HostConfig.deployDirectory Deploying web application directory [C:\Users\kevin\Documents\GitHub\comp4321\apache-tomcat-11.0.0-M19\webapps\ROOT]
24-Apr-2024 15:15:13.087 資訊 [main] org.apache.catalina.startup.HostConfig.deployDirectory Deployment of web application directory [C:\Users\kevin\Documents\GitHub\comp4321\apache-tomcat-11.0.0-M19\webapps\ROOT] has finished in [45] ms
24-Apr-2024 15:15:13.098 資訊 [main] org.apache.coyote.AbstractProtocol.start Starting ProtocolHandler ["http-nio-8080"]
24-Apr-2024 15:15:13.145 資訊 [main] org.apache.catalina.startup.Catalina.start Server startup in [1974] milliseconds
24-Apr-2024 15:17:03.400 資訊 [main] org.apache.catalina.startup.VersionLoggerListener.log Server version name:   Apache Tomcat/11.0.0-M19
24-Apr-2024 15:17:03.410 資訊 [main] org.apache.catalina.startup.VersionLoggerListener.log Server built:          Apr 9 2024 12:06:10 UTC
24-Apr-2024 15:17:03.412 資訊 [main] org.apache.catalina.startup.VersionLoggerListener.log Server version number: 11.0.0.0
24-Apr-2024 15:17:03.412 資訊 [main] org.apache.catalina.startup.VersionLoggerListener.log OS Name:               Windows 10
24-Apr-2024 15:17:03.412 資訊 [main] org.apache.catalina.startup.VersionLoggerListener.log OS Version:            10.0
24-Apr-2024 15:17:03.412 資訊 [main] org.apache.catalina.startup.VersionLoggerListener.log Architecture:          amd64
24-Apr-2024 15:17:03.413 資訊 [main] org.apache.catalina.startup.VersionLoggerListener.log Java Home:             C:\Users\kevin\.jdks\corretto-21.0.3
24-Apr-2024 15:17:03.413 資訊 [main] org.apache.catalina.startup.VersionLoggerListener.log JVM Version:           21.0.3+9-LTS
24-Apr-2024 15:17:03.413 資訊 [main] org.apache.catalina.startup.VersionLoggerListener.log JVM Vendor:            Amazon.com Inc.
24-Apr-2024 15:17:03.413 資訊 [main] org.apache.catalina.startup.VersionLoggerListener.log CATALINA_BASE:         C:\Users\kevin\Documents\GitHub\comp4321\apache-tomcat-11.0.0-M19
24-Apr-2024 15:17:03.414 資訊 [main] org.apache.catalina.startup.VersionLoggerListener.log CATALINA_HOME:         C:\Users\kevin\Documents\GitHub\comp4321\apache-tomcat-11.0.0-M19
24-Apr-2024 15:17:03.438 資訊 [main] org.apache.catalina.startup.VersionLoggerListener.log Command line argument: -Djava.util.logging.config.file=C:\Users\kevin\Documents\GitHub\comp4321\apache-tomcat-11.0.0-M19\conf\logging.properties
24-Apr-2024 15:17:03.452 資訊 [main] org.apache.catalina.startup.VersionLoggerListener.log Command line argument: -Djava.util.logging.manager=org.apache.juli.ClassLoaderLogManager
24-Apr-2024 15:17:03.455 資訊 [main] org.apache.catalina.startup.VersionLoggerListener.log Command line argument: -Djdk.tls.ephemeralDHKeySize=2048
24-Apr-2024 15:17:03.458 資訊 [main] org.apache.catalina.startup.VersionLoggerListener.log Command line argument: --add-opens=java.base/java.lang=ALL-UNNAMED
24-Apr-2024 15:17:03.460 資訊 [main] org.apache.catalina.startup.VersionLoggerListener.log Command line argument: --add-opens=java.base/java.io=ALL-UNNAMED
24-Apr-2024 15:17:03.462 資訊 [main] org.apache.catalina.startup.VersionLoggerListener.log Command line argument: --add-opens=java.base/java.util=ALL-UNNAMED
24-Apr-2024 15:17:03.465 資訊 [main] org.apache.catalina.startup.VersionLoggerListener.log Command line argument: --add-opens=java.base/java.util.concurrent=ALL-UNNAMED
24-Apr-2024 15:17:03.481 資訊 [main] org.apache.catalina.startup.VersionLoggerListener.log Command line argument: --add-opens=java.rmi/sun.rmi.transport=ALL-UNNAMED
24-Apr-2024 15:17:03.482 資訊 [main] org.apache.catalina.startup.VersionLoggerListener.log Command line argument: --enable-native-access=ALL-UNNAMED
24-Apr-2024 15:17:03.484 資訊 [main] org.apache.catalina.startup.VersionLoggerListener.log Command line argument: -Dcatalina.base=C:\Users\kevin\Documents\GitHub\comp4321\apache-tomcat-11.0.0-M19
24-Apr-2024 15:17:03.487 資訊 [main] org.apache.catalina.startup.VersionLoggerListener.log Command line argument: -Dcatalina.home=C:\Users\kevin\Documents\GitHub\comp4321\apache-tomcat-11.0.0-M19
24-Apr-2024 15:17:03.490 資訊 [main] org.apache.catalina.startup.VersionLoggerListener.log Command line argument: -Djava.io.tmpdir=C:\Users\kevin\Documents\GitHub\comp4321\apache-tomcat-11.0.0-M19\temp
24-Apr-2024 15:17:03.518 資訊 [main] org.apache.catalina.core.AprLifecycleListener.lifecycleEvent The Apache Tomcat Native library which allows using OpenSSL was not found on the java.library.path: [C:\Users\kevin\.jdks\corretto-21.0.3\bin;C:\WINDOWS\Sun\Java\bin;C:\WINDOWS\system32;C:\WINDOWS;C:\Program Files\NVIDIA GPU Computing Toolkit\CUDA\v12.2\bin;C:\Program Files\NVIDIA GPU Computing Toolkit\CUDA\v12.2\libnvvp;;C:\Program Files\Common Files\Oracle\Java\javapath;C:\Program Files (x86)\Common Files\Oracle\Java\javapath;C:\Windows\system32;C:\Windows;C:\Windows\System32\Wbem;C:\Windows\System32\WindowsPowerShell\v1.0\;C:\Windows\System32\OpenSSH\;C:\Program Files (x86)\NVIDIA Corporation\PhysX\Common;C:\WINDOWS\system32;C:\WINDOWS;C:\WINDOWS\System32\Wbem;C:\WINDOWS\System32\WindowsPowerShell\v1.0\;C:\WINDOWS\System32\OpenSSH\;C:\Program Files\dotnet\;C:\Program Files\PuTTY\;C:\Program Files\Docker\Docker\resources\bin;C:\Program Files\Microsoft SQL Server\150\Tools\Binn\;C:\Program Files\nodejs\;C:\Program Files\CMake\bin;C:\Program Files\NVIDIA Corporation\Nsight Compute 2023.2.2\;C:\Program Files\NVIDIA Corporation\NVIDIA NvDLISR;C:\Program Files (x86)\Windows Kits\10\Windows Performance Toolkit\;C:\Users\kevin\AppData\Local\Microsoft\WindowsApps;C:\Users\kevin\AppData\Local\Programs\Git\cmd;C:\Users\kevin\AppData\Local\Programs\Microsoft VS Code\bin;C:\Users\kevin\AppData\Local\GitHubDesktop\bin;C:\Users\kevin\AppData\Roaming\npm;.]
24-Apr-2024 15:17:03.956 資訊 [main] org.apache.coyote.AbstractProtocol.init Initializing ProtocolHandler ["http-nio-8080"]
24-Apr-2024 15:17:03.999 資訊 [main] org.apache.catalina.startup.Catalina.load Server initialization in [1026] milliseconds
24-Apr-2024 15:17:04.084 資訊 [main] org.apache.catalina.core.StandardService.startInternal Starting service [Catalina]
24-Apr-2024 15:17:04.088 資訊 [main] org.apache.catalina.core.StandardEngine.startInternal Starting Servlet engine: [Apache Tomcat/11.0.0-M19]
24-Apr-2024 15:17:04.113 資訊 [main] org.apache.catalina.startup.HostConfig.deployDirectory Deploying web application directory [C:\Users\kevin\Documents\GitHub\comp4321\apache-tomcat-11.0.0-M19\webapps\comp4321]
24-Apr-2024 15:17:04.713 資訊 [main] org.apache.catalina.startup.HostConfig.deployDirectory Deployment of web application directory [C:\Users\kevin\Documents\GitHub\comp4321\apache-tomcat-11.0.0-M19\webapps\comp4321] has finished in [599] ms
24-Apr-2024 15:17:04.718 資訊 [main] org.apache.catalina.startup.HostConfig.deployDirectory Deploying web application directory [C:\Users\kevin\Documents\GitHub\comp4321\apache-tomcat-11.0.0-M19\webapps\docs]
24-Apr-2024 15:17:04.787 資訊 [main] org.apache.catalina.startup.HostConfig.deployDirectory Deployment of web application directory [C:\Users\kevin\Documents\GitHub\comp4321\apache-tomcat-11.0.0-M19\webapps\docs] has finished in [69] ms
24-Apr-2024 15:17:04.791 資訊 [main] org.apache.catalina.startup.HostConfig.deployDirectory Deploying web application directory [C:\Users\kevin\Documents\GitHub\comp4321\apache-tomcat-11.0.0-M19\webapps\examples]
24-Apr-2024 15:17:05.568 資訊 [main] org.apache.catalina.startup.HostConfig.deployDirectory Deployment of web application directory [C:\Users\kevin\Documents\GitHub\comp4321\apache-tomcat-11.0.0-M19\webapps\examples] has finished in [777] ms
24-Apr-2024 15:17:05.573 資訊 [main] org.apache.catalina.startup.HostConfig.deployDirectory Deploying web application directory [C:\Users\kevin\Documents\GitHub\comp4321\apache-tomcat-11.0.0-M19\webapps\host-manager]
24-Apr-2024 15:17:05.666 資訊 [main] org.apache.catalina.startup.HostConfig.deployDirectory Deployment of web application directory [C:\Users\kevin\Documents\GitHub\comp4321\apache-tomcat-11.0.0-M19\webapps\host-manager] has finished in [93] ms
24-Apr-2024 15:17:05.671 資訊 [main] org.apache.catalina.startup.HostConfig.deployDirectory Deploying web application directory [C:\Users\kevin\Documents\GitHub\comp4321\apache-tomcat-11.0.0-M19\webapps\manager]
24-Apr-2024 15:17:05.736 資訊 [main] org.apache.catalina.startup.HostConfig.deployDirectory Deployment of web application directory [C:\Users\kevin\Documents\GitHub\comp4321\apache-tomcat-11.0.0-M19\webapps\manager] has finished in [66] ms
24-Apr-2024 15:17:05.740 資訊 [main] org.apache.catalina.startup.HostConfig.deployDirectory Deploying web application directory [C:\Users\kevin\Documents\GitHub\comp4321\apache-tomcat-11.0.0-M19\webapps\ROOT]
24-Apr-2024 15:17:05.783 資訊 [main] org.apache.catalina.startup.HostConfig.deployDirectory Deployment of web application directory [C:\Users\kevin\Documents\GitHub\comp4321\apache-tomcat-11.0.0-M19\webapps\ROOT] has finished in [44] ms
24-Apr-2024 15:17:05.790 資訊 [main] org.apache.coyote.AbstractProtocol.start Starting ProtocolHandler ["http-nio-8080"]
24-Apr-2024 15:17:05.826 資訊 [main] org.apache.catalina.startup.Catalina.start Server startup in [1820] milliseconds
24-Apr-2024 15:19:41.939 資訊 [main] org.apache.catalina.startup.VersionLoggerListener.log Server version name:   Apache Tomcat/11.0.0-M19
24-Apr-2024 15:19:41.947 資訊 [main] org.apache.catalina.startup.VersionLoggerListener.log Server built:          Apr 9 2024 12:06:10 UTC
24-Apr-2024 15:19:41.947 資訊 [main] org.apache.catalina.startup.VersionLoggerListener.log Server version number: 11.0.0.0
24-Apr-2024 15:19:41.948 資訊 [main] org.apache.catalina.startup.VersionLoggerListener.log OS Name:               Windows 10
24-Apr-2024 15:19:41.948 資訊 [main] org.apache.catalina.startup.VersionLoggerListener.log OS Version:            10.0
24-Apr-2024 15:19:41.948 資訊 [main] org.apache.catalina.startup.VersionLoggerListener.log Architecture:          amd64
24-Apr-2024 15:19:41.949 資訊 [main] org.apache.catalina.startup.VersionLoggerListener.log Java Home:             C:\Users\kevin\.jdks\corretto-21.0.3
24-Apr-2024 15:19:41.949 資訊 [main] org.apache.catalina.startup.VersionLoggerListener.log JVM Version:           21.0.3+9-LTS
24-Apr-2024 15:19:41.949 資訊 [main] org.apache.catalina.startup.VersionLoggerListener.log JVM Vendor:            Amazon.com Inc.
24-Apr-2024 15:19:41.950 資訊 [main] org.apache.catalina.startup.VersionLoggerListener.log CATALINA_BASE:         C:\Users\kevin\Documents\GitHub\comp4321\apache-tomcat-11.0.0-M19
24-Apr-2024 15:19:41.950 資訊 [main] org.apache.catalina.startup.VersionLoggerListener.log CATALINA_HOME:         C:\Users\kevin\Documents\GitHub\comp4321\apache-tomcat-11.0.0-M19
24-Apr-2024 15:19:41.972 資訊 [main] org.apache.catalina.startup.VersionLoggerListener.log Command line argument: -Djava.util.logging.config.file=C:\Users\kevin\Documents\GitHub\comp4321\apache-tomcat-11.0.0-M19\conf\logging.properties
24-Apr-2024 15:19:41.987 資訊 [main] org.apache.catalina.startup.VersionLoggerListener.log Command line argument: -Djava.util.logging.manager=org.apache.juli.ClassLoaderLogManager
24-Apr-2024 15:19:41.989 資訊 [main] org.apache.catalina.startup.VersionLoggerListener.log Command line argument: -Djdk.tls.ephemeralDHKeySize=2048
24-Apr-2024 15:19:41.991 資訊 [main] org.apache.catalina.startup.VersionLoggerListener.log Command line argument: --add-opens=java.base/java.lang=ALL-UNNAMED
24-Apr-2024 15:19:41.992 資訊 [main] org.apache.catalina.startup.VersionLoggerListener.log Command line argument: --add-opens=java.base/java.io=ALL-UNNAMED
24-Apr-2024 15:19:41.993 資訊 [main] org.apache.catalina.startup.VersionLoggerListener.log Command line argument: --add-opens=java.base/java.util=ALL-UNNAMED
24-Apr-2024 15:19:41.995 資訊 [main] org.apache.catalina.startup.VersionLoggerListener.log Command line argument: --add-opens=java.base/java.util.concurrent=ALL-UNNAMED
24-Apr-2024 15:19:41.996 資訊 [main] org.apache.catalina.startup.VersionLoggerListener.log Command line argument: --add-opens=java.rmi/sun.rmi.transport=ALL-UNNAMED
24-Apr-2024 15:19:41.998 資訊 [main] org.apache.catalina.startup.VersionLoggerListener.log Command line argument: --enable-native-access=ALL-UNNAMED
24-Apr-2024 15:19:42.000 資訊 [main] org.apache.catalina.startup.VersionLoggerListener.log Command line argument: -Dcatalina.base=C:\Users\kevin\Documents\GitHub\comp4321\apache-tomcat-11.0.0-M19
24-Apr-2024 15:19:42.018 資訊 [main] org.apache.catalina.startup.VersionLoggerListener.log Command line argument: -Dcatalina.home=C:\Users\kevin\Documents\GitHub\comp4321\apache-tomcat-11.0.0-M19
24-Apr-2024 15:19:42.021 資訊 [main] org.apache.catalina.startup.VersionLoggerListener.log Command line argument: -Djava.io.tmpdir=C:\Users\kevin\Documents\GitHub\comp4321\apache-tomcat-11.0.0-M19\temp
24-Apr-2024 15:19:42.045 資訊 [main] org.apache.catalina.core.AprLifecycleListener.lifecycleEvent The Apache Tomcat Native library which allows using OpenSSL was not found on the java.library.path: [C:\Users\kevin\.jdks\corretto-21.0.3\bin;C:\WINDOWS\Sun\Java\bin;C:\WINDOWS\system32;C:\WINDOWS;C:\Program Files\NVIDIA GPU Computing Toolkit\CUDA\v12.2\bin;C:\Program Files\NVIDIA GPU Computing Toolkit\CUDA\v12.2\libnvvp;;C:\Program Files\Common Files\Oracle\Java\javapath;C:\Program Files (x86)\Common Files\Oracle\Java\javapath;C:\Windows\system32;C:\Windows;C:\Windows\System32\Wbem;C:\Windows\System32\WindowsPowerShell\v1.0\;C:\Windows\System32\OpenSSH\;C:\Program Files (x86)\NVIDIA Corporation\PhysX\Common;C:\WINDOWS\system32;C:\WINDOWS;C:\WINDOWS\System32\Wbem;C:\WINDOWS\System32\WindowsPowerShell\v1.0\;C:\WINDOWS\System32\OpenSSH\;C:\Program Files\dotnet\;C:\Program Files\PuTTY\;C:\Program Files\Docker\Docker\resources\bin;C:\Program Files\Microsoft SQL Server\150\Tools\Binn\;C:\Program Files\nodejs\;C:\Program Files\CMake\bin;C:\Program Files\NVIDIA Corporation\Nsight Compute 2023.2.2\;C:\Program Files\NVIDIA Corporation\NVIDIA NvDLISR;C:\Program Files (x86)\Windows Kits\10\Windows Performance Toolkit\;C:\Users\kevin\AppData\Local\Microsoft\WindowsApps;C:\Users\kevin\AppData\Local\Programs\Git\cmd;C:\Users\kevin\AppData\Local\Programs\Microsoft VS Code\bin;C:\Users\kevin\AppData\Local\GitHubDesktop\bin;C:\Users\kevin\AppData\Roaming\npm;.]
24-Apr-2024 15:19:42.441 資訊 [main] org.apache.coyote.AbstractProtocol.init Initializing ProtocolHandler ["http-nio-8080"]
24-Apr-2024 15:19:42.482 資訊 [main] org.apache.catalina.startup.Catalina.load Server initialization in [851] milliseconds
24-Apr-2024 15:19:42.562 資訊 [main] org.apache.catalina.core.StandardService.startInternal Starting service [Catalina]
24-Apr-2024 15:19:42.566 資訊 [main] org.apache.catalina.core.StandardEngine.startInternal Starting Servlet engine: [Apache Tomcat/11.0.0-M19]
24-Apr-2024 15:19:42.589 資訊 [main] org.apache.catalina.startup.HostConfig.deployDirectory Deploying web application directory [C:\Users\kevin\Documents\GitHub\comp4321\apache-tomcat-11.0.0-M19\webapps\comp4321]
24-Apr-2024 15:19:43.027 資訊 [main] org.apache.catalina.startup.HostConfig.deployDirectory Deployment of web application directory [C:\Users\kevin\Documents\GitHub\comp4321\apache-tomcat-11.0.0-M19\webapps\comp4321] has finished in [437] ms
24-Apr-2024 15:19:43.027 資訊 [main] org.apache.catalina.startup.HostConfig.deployDirectory Deploying web application directory [C:\Users\kevin\Documents\GitHub\comp4321\apache-tomcat-11.0.0-M19\webapps\docs]
24-Apr-2024 15:19:43.083 資訊 [main] org.apache.catalina.startup.HostConfig.deployDirectory Deployment of web application directory [C:\Users\kevin\Documents\GitHub\comp4321\apache-tomcat-11.0.0-M19\webapps\docs] has finished in [56] ms
24-Apr-2024 15:19:43.088 資訊 [main] org.apache.catalina.startup.HostConfig.deployDirectory Deploying web application directory [C:\Users\kevin\Documents\GitHub\comp4321\apache-tomcat-11.0.0-M19\webapps\examples]
24-Apr-2024 15:19:43.723 資訊 [main] org.apache.catalina.startup.HostConfig.deployDirectory Deployment of web application directory [C:\Users\kevin\Documents\GitHub\comp4321\apache-tomcat-11.0.0-M19\webapps\examples] has finished in [635] ms
24-Apr-2024 15:19:43.728 資訊 [main] org.apache.catalina.startup.HostConfig.deployDirectory Deploying web application directory [C:\Users\kevin\Documents\GitHub\comp4321\apache-tomcat-11.0.0-M19\webapps\host-manager]
24-Apr-2024 15:19:43.805 資訊 [main] org.apache.catalina.startup.HostConfig.deployDirectory Deployment of web application directory [C:\Users\kevin\Documents\GitHub\comp4321\apache-tomcat-11.0.0-M19\webapps\host-manager] has finished in [76] ms
24-Apr-2024 15:19:43.809 資訊 [main] org.apache.catalina.startup.HostConfig.deployDirectory Deploying web application directory [C:\Users\kevin\Documents\GitHub\comp4321\apache-tomcat-11.0.0-M19\webapps\manager]
24-Apr-2024 15:19:43.870 資訊 [main] org.apache.catalina.startup.HostConfig.deployDirectory Deployment of web application directory [C:\Users\kevin\Documents\GitHub\comp4321\apache-tomcat-11.0.0-M19\webapps\manager] has finished in [62] ms
24-Apr-2024 15:19:43.874 資訊 [main] org.apache.catalina.startup.HostConfig.deployDirectory Deploying web application directory [C:\Users\kevin\Documents\GitHub\comp4321\apache-tomcat-11.0.0-M19\webapps\ROOT]
24-Apr-2024 15:19:43.911 資訊 [main] org.apache.catalina.startup.HostConfig.deployDirectory Deployment of web application directory [C:\Users\kevin\Documents\GitHub\comp4321\apache-tomcat-11.0.0-M19\webapps\ROOT] has finished in [36] ms
24-Apr-2024 15:19:43.925 資訊 [main] org.apache.coyote.AbstractProtocol.start Starting ProtocolHandler ["http-nio-8080"]
24-Apr-2024 15:19:43.959 資訊 [main] org.apache.catalina.startup.Catalina.start Server startup in [1468] milliseconds
24-Apr-2024 15:20:56.338 資訊 [main] org.apache.catalina.startup.VersionLoggerListener.log Server version name:   Apache Tomcat/11.0.0-M19
24-Apr-2024 15:20:56.349 資訊 [main] org.apache.catalina.startup.VersionLoggerListener.log Server built:          Apr 9 2024 12:06:10 UTC
24-Apr-2024 15:20:56.350 資訊 [main] org.apache.catalina.startup.VersionLoggerListener.log Server version number: 11.0.0.0
24-Apr-2024 15:20:56.350 資訊 [main] org.apache.catalina.startup.VersionLoggerListener.log OS Name:               Windows 10
24-Apr-2024 15:20:56.351 資訊 [main] org.apache.catalina.startup.VersionLoggerListener.log OS Version:            10.0
24-Apr-2024 15:20:56.351 資訊 [main] org.apache.catalina.startup.VersionLoggerListener.log Architecture:          amd64
24-Apr-2024 15:20:56.352 資訊 [main] org.apache.catalina.startup.VersionLoggerListener.log Java Home:             C:\Users\kevin\.jdks\corretto-21.0.3
24-Apr-2024 15:20:56.353 資訊 [main] org.apache.catalina.startup.VersionLoggerListener.log JVM Version:           21.0.3+9-LTS
24-Apr-2024 15:20:56.353 資訊 [main] org.apache.catalina.startup.VersionLoggerListener.log JVM Vendor:            Amazon.com Inc.
24-Apr-2024 15:20:56.353 資訊 [main] org.apache.catalina.startup.VersionLoggerListener.log CATALINA_BASE:         C:\Users\kevin\Documents\GitHub\comp4321\apache-tomcat-11.0.0-M19
24-Apr-2024 15:20:56.354 資訊 [main] org.apache.catalina.startup.VersionLoggerListener.log CATALINA_HOME:         C:\Users\kevin\Documents\GitHub\comp4321\apache-tomcat-11.0.0-M19
24-Apr-2024 15:20:56.388 資訊 [main] org.apache.catalina.startup.VersionLoggerListener.log Command line argument: -Djava.util.logging.config.file=C:\Users\kevin\Documents\GitHub\comp4321\apache-tomcat-11.0.0-M19\conf\logging.properties
24-Apr-2024 15:20:56.400 資訊 [main] org.apache.catalina.startup.VersionLoggerListener.log Command line argument: -Djava.util.logging.manager=org.apache.juli.ClassLoaderLogManager
24-Apr-2024 15:20:56.403 資訊 [main] org.apache.catalina.startup.VersionLoggerListener.log Command line argument: -Djdk.tls.ephemeralDHKeySize=2048
24-Apr-2024 15:20:56.406 資訊 [main] org.apache.catalina.startup.VersionLoggerListener.log Command line argument: --add-opens=java.base/java.lang=ALL-UNNAMED
24-Apr-2024 15:20:56.408 資訊 [main] org.apache.catalina.startup.VersionLoggerListener.log Command line argument: --add-opens=java.base/java.io=ALL-UNNAMED
24-Apr-2024 15:20:56.410 資訊 [main] org.apache.catalina.startup.VersionLoggerListener.log Command line argument: --add-opens=java.base/java.util=ALL-UNNAMED
24-Apr-2024 15:20:56.412 資訊 [main] org.apache.catalina.startup.VersionLoggerListener.log Command line argument: --add-opens=java.base/java.util.concurrent=ALL-UNNAMED
24-Apr-2024 15:20:56.414 資訊 [main] org.apache.catalina.startup.VersionLoggerListener.log Command line argument: --add-opens=java.rmi/sun.rmi.transport=ALL-UNNAMED
24-Apr-2024 15:20:56.417 資訊 [main] org.apache.catalina.startup.VersionLoggerListener.log Command line argument: --enable-native-access=ALL-UNNAMED
24-Apr-2024 15:20:56.441 資訊 [main] org.apache.catalina.startup.VersionLoggerListener.log Command line argument: -Dcatalina.base=C:\Users\kevin\Documents\GitHub\comp4321\apache-tomcat-11.0.0-M19
24-Apr-2024 15:20:56.444 資訊 [main] org.apache.catalina.startup.VersionLoggerListener.log Command line argument: -Dcatalina.home=C:\Users\kevin\Documents\GitHub\comp4321\apache-tomcat-11.0.0-M19
24-Apr-2024 15:20:56.446 資訊 [main] org.apache.catalina.startup.VersionLoggerListener.log Command line argument: -Djava.io.tmpdir=C:\Users\kevin\Documents\GitHub\comp4321\apache-tomcat-11.0.0-M19\temp
24-Apr-2024 15:20:56.489 資訊 [main] org.apache.catalina.core.AprLifecycleListener.lifecycleEvent The Apache Tomcat Native library which allows using OpenSSL was not found on the java.library.path: [C:\Users\kevin\.jdks\corretto-21.0.3\bin;C:\WINDOWS\Sun\Java\bin;C:\WINDOWS\system32;C:\WINDOWS;C:\Program Files\NVIDIA GPU Computing Toolkit\CUDA\v12.2\bin;C:\Program Files\NVIDIA GPU Computing Toolkit\CUDA\v12.2\libnvvp;;C:\Program Files\Common Files\Oracle\Java\javapath;C:\Program Files (x86)\Common Files\Oracle\Java\javapath;C:\Windows\system32;C:\Windows;C:\Windows\System32\Wbem;C:\Windows\System32\WindowsPowerShell\v1.0\;C:\Windows\System32\OpenSSH\;C:\Program Files (x86)\NVIDIA Corporation\PhysX\Common;C:\WINDOWS\system32;C:\WINDOWS;C:\WINDOWS\System32\Wbem;C:\WINDOWS\System32\WindowsPowerShell\v1.0\;C:\WINDOWS\System32\OpenSSH\;C:\Program Files\dotnet\;C:\Program Files\PuTTY\;C:\Program Files\Docker\Docker\resources\bin;C:\Program Files\Microsoft SQL Server\150\Tools\Binn\;C:\Program Files\nodejs\;C:\Program Files\CMake\bin;C:\Program Files\NVIDIA Corporation\Nsight Compute 2023.2.2\;C:\Program Files\NVIDIA Corporation\NVIDIA NvDLISR;C:\Program Files (x86)\Windows Kits\10\Windows Performance Toolkit\;C:\Users\kevin\AppData\Local\Microsoft\WindowsApps;C:\Users\kevin\AppData\Local\Programs\Git\cmd;C:\Users\kevin\AppData\Local\Programs\Microsoft VS Code\bin;C:\Users\kevin\AppData\Local\GitHubDesktop\bin;C:\Users\kevin\AppData\Roaming\npm;.]
24-Apr-2024 15:20:57.115 資訊 [main] org.apache.coyote.AbstractProtocol.init Initializing ProtocolHandler ["http-nio-8080"]
24-Apr-2024 15:20:57.148 嚴重 [main] org.apache.catalina.util.LifecycleBase.handleSubClassException Failed to initialize component [Connector["http-nio-8080"]]
	org.apache.catalina.LifecycleException: Protocol handler initialization failed
		at org.apache.catalina.connector.Connector.initInternal(Connector.java:1035)
		at org.apache.catalina.util.LifecycleBase.init(LifecycleBase.java:127)
		at org.apache.catalina.core.StandardService.initInternal(StandardService.java:578)
		at org.apache.catalina.util.LifecycleBase.init(LifecycleBase.java:127)
		at org.apache.catalina.core.StandardServer.initInternal(StandardServer.java:1035)
		at org.apache.catalina.util.LifecycleBase.init(LifecycleBase.java:127)
		at org.apache.catalina.startup.Catalina.load(Catalina.java:706)
		at org.apache.catalina.startup.Catalina.load(Catalina.java:729)
		at java.base/jdk.internal.reflect.DirectMethodHandleAccessor.invoke(DirectMethodHandleAccessor.java:103)
		at java.base/java.lang.reflect.Method.invoke(Method.java:580)
		at org.apache.catalina.startup.Bootstrap.load(Bootstrap.java:299)
		at org.apache.catalina.startup.Bootstrap.main(Bootstrap.java:469)
	Caused by: java.net.BindException: Address already in use: bind
		at java.base/sun.nio.ch.Net.bind0(Native Method)
		at java.base/sun.nio.ch.Net.bind(Net.java:565)
		at java.base/sun.nio.ch.ServerSocketChannelImpl.netBind(ServerSocketChannelImpl.java:344)
		at java.base/sun.nio.ch.ServerSocketChannelImpl.bind(ServerSocketChannelImpl.java:301)
		at org.apache.tomcat.util.net.NioEndpoint.initServerSocket(NioEndpoint.java:240)
		at org.apache.tomcat.util.net.NioEndpoint.bind(NioEndpoint.java:195)
		at org.apache.tomcat.util.net.AbstractEndpoint.bindWithCleanup(AbstractEndpoint.java:1461)
		at org.apache.tomcat.util.net.AbstractEndpoint.init(AbstractEndpoint.java:1474)
		at org.apache.coyote.AbstractProtocol.init(AbstractProtocol.java:624)
		at org.apache.coyote.http11.AbstractHttp11Protocol.init(AbstractHttp11Protocol.java:78)
		at org.apache.catalina.connector.Connector.initInternal(Connector.java:1033)
		... 11 more
24-Apr-2024 15:20:57.152 資訊 [main] org.apache.catalina.startup.Catalina.load Server initialization in [1269] milliseconds
24-Apr-2024 15:20:57.242 資訊 [main] org.apache.catalina.core.StandardService.startInternal Starting service [Catalina]
24-Apr-2024 15:20:57.247 資訊 [main] org.apache.catalina.core.StandardEngine.startInternal Starting Servlet engine: [Apache Tomcat/11.0.0-M19]
24-Apr-2024 15:20:57.274 資訊 [main] org.apache.catalina.startup.HostConfig.deployDirectory Deploying web application directory [C:\Users\kevin\Documents\GitHub\comp4321\apache-tomcat-11.0.0-M19\webapps\comp4321]
24-Apr-2024 15:20:57.763 資訊 [main] org.apache.catalina.startup.HostConfig.deployDirectory Deployment of web application directory [C:\Users\kevin\Documents\GitHub\comp4321\apache-tomcat-11.0.0-M19\webapps\comp4321] has finished in [488] ms
24-Apr-2024 15:20:57.770 資訊 [main] org.apache.catalina.startup.HostConfig.deployDirectory Deploying web application directory [C:\Users\kevin\Documents\GitHub\comp4321\apache-tomcat-11.0.0-M19\webapps\docs]
24-Apr-2024 15:20:57.831 資訊 [main] org.apache.catalina.startup.HostConfig.deployDirectory Deployment of web application directory [C:\Users\kevin\Documents\GitHub\comp4321\apache-tomcat-11.0.0-M19\webapps\docs] has finished in [61] ms
24-Apr-2024 15:20:57.837 資訊 [main] org.apache.catalina.startup.HostConfig.deployDirectory Deploying web application directory [C:\Users\kevin\Documents\GitHub\comp4321\apache-tomcat-11.0.0-M19\webapps\examples]
24-Apr-2024 15:20:58.490 資訊 [main] org.apache.catalina.startup.HostConfig.deployDirectory Deployment of web application directory [C:\Users\kevin\Documents\GitHub\comp4321\apache-tomcat-11.0.0-M19\webapps\examples] has finished in [654] ms
24-Apr-2024 15:20:58.494 資訊 [main] org.apache.catalina.startup.HostConfig.deployDirectory Deploying web application directory [C:\Users\kevin\Documents\GitHub\comp4321\apache-tomcat-11.0.0-M19\webapps\host-manager]
24-Apr-2024 15:20:58.552 資訊 [main] org.apache.catalina.startup.HostConfig.deployDirectory Deployment of web application directory [C:\Users\kevin\Documents\GitHub\comp4321\apache-tomcat-11.0.0-M19\webapps\host-manager] has finished in [57] ms
24-Apr-2024 15:20:58.553 資訊 [main] org.apache.catalina.startup.HostConfig.deployDirectory Deploying web application directory [C:\Users\kevin\Documents\GitHub\comp4321\apache-tomcat-11.0.0-M19\webapps\manager]
24-Apr-2024 15:20:58.617 資訊 [main] org.apache.catalina.startup.HostConfig.deployDirectory Deployment of web application directory [C:\Users\kevin\Documents\GitHub\comp4321\apache-tomcat-11.0.0-M19\webapps\manager] has finished in [65] ms
24-Apr-2024 15:20:58.621 資訊 [main] org.apache.catalina.startup.HostConfig.deployDirectory Deploying web application directory [C:\Users\kevin\Documents\GitHub\comp4321\apache-tomcat-11.0.0-M19\webapps\ROOT]
24-Apr-2024 15:20:58.661 資訊 [main] org.apache.catalina.startup.HostConfig.deployDirectory Deployment of web application directory [C:\Users\kevin\Documents\GitHub\comp4321\apache-tomcat-11.0.0-M19\webapps\ROOT] has finished in [40] ms
24-Apr-2024 15:20:58.675 資訊 [main] org.apache.catalina.startup.Catalina.start Server startup in [1518] milliseconds
24-Apr-2024 15:21:13.261 資訊 [main] org.apache.catalina.startup.VersionLoggerListener.log Server version name:   Apache Tomcat/11.0.0-M19
24-Apr-2024 15:21:13.271 資訊 [main] org.apache.catalina.startup.VersionLoggerListener.log Server built:          Apr 9 2024 12:06:10 UTC
24-Apr-2024 15:21:13.273 資訊 [main] org.apache.catalina.startup.VersionLoggerListener.log Server version number: 11.0.0.0
24-Apr-2024 15:21:13.276 資訊 [main] org.apache.catalina.startup.VersionLoggerListener.log OS Name:               Windows 10
24-Apr-2024 15:21:13.276 資訊 [main] org.apache.catalina.startup.VersionLoggerListener.log OS Version:            10.0
24-Apr-2024 15:21:13.277 資訊 [main] org.apache.catalina.startup.VersionLoggerListener.log Architecture:          amd64
24-Apr-2024 15:21:13.277 資訊 [main] org.apache.catalina.startup.VersionLoggerListener.log Java Home:             C:\Users\kevin\.jdks\corretto-21.0.3
24-Apr-2024 15:21:13.278 資訊 [main] org.apache.catalina.startup.VersionLoggerListener.log JVM Version:           21.0.3+9-LTS
24-Apr-2024 15:21:13.278 資訊 [main] org.apache.catalina.startup.VersionLoggerListener.log JVM Vendor:            Amazon.com Inc.
24-Apr-2024 15:21:13.278 資訊 [main] org.apache.catalina.startup.VersionLoggerListener.log CATALINA_BASE:         C:\Users\kevin\Documents\GitHub\comp4321\apache-tomcat-11.0.0-M19
24-Apr-2024 15:21:13.279 資訊 [main] org.apache.catalina.startup.VersionLoggerListener.log CATALINA_HOME:         C:\Users\kevin\Documents\GitHub\comp4321\apache-tomcat-11.0.0-M19
24-Apr-2024 15:21:13.305 資訊 [main] org.apache.catalina.startup.VersionLoggerListener.log Command line argument: -Djava.util.logging.config.file=C:\Users\kevin\Documents\GitHub\comp4321\apache-tomcat-11.0.0-M19\conf\logging.properties
24-Apr-2024 15:21:13.315 資訊 [main] org.apache.catalina.startup.VersionLoggerListener.log Command line argument: -Djava.util.logging.manager=org.apache.juli.ClassLoaderLogManager
24-Apr-2024 15:21:13.318 資訊 [main] org.apache.catalina.startup.VersionLoggerListener.log Command line argument: -Djdk.tls.ephemeralDHKeySize=2048
24-Apr-2024 15:21:13.319 資訊 [main] org.apache.catalina.startup.VersionLoggerListener.log Command line argument: --add-opens=java.base/java.lang=ALL-UNNAMED
24-Apr-2024 15:21:13.322 資訊 [main] org.apache.catalina.startup.VersionLoggerListener.log Command line argument: --add-opens=java.base/java.io=ALL-UNNAMED
24-Apr-2024 15:21:13.331 資訊 [main] org.apache.catalina.startup.VersionLoggerListener.log Command line argument: --add-opens=java.base/java.util=ALL-UNNAMED
24-Apr-2024 15:21:13.334 資訊 [main] org.apache.catalina.startup.VersionLoggerListener.log Command line argument: --add-opens=java.base/java.util.concurrent=ALL-UNNAMED
24-Apr-2024 15:21:13.335 資訊 [main] org.apache.catalina.startup.VersionLoggerListener.log Command line argument: --add-opens=java.rmi/sun.rmi.transport=ALL-UNNAMED
24-Apr-2024 15:21:13.338 資訊 [main] org.apache.catalina.startup.VersionLoggerListener.log Command line argument: --enable-native-access=ALL-UNNAMED
24-Apr-2024 15:21:13.346 資訊 [main] org.apache.catalina.startup.VersionLoggerListener.log Command line argument: -Dcatalina.base=C:\Users\kevin\Documents\GitHub\comp4321\apache-tomcat-11.0.0-M19
24-Apr-2024 15:21:13.350 資訊 [main] org.apache.catalina.startup.VersionLoggerListener.log Command line argument: -Dcatalina.home=C:\Users\kevin\Documents\GitHub\comp4321\apache-tomcat-11.0.0-M19
24-Apr-2024 15:21:13.351 資訊 [main] org.apache.catalina.startup.VersionLoggerListener.log Command line argument: -Djava.io.tmpdir=C:\Users\kevin\Documents\GitHub\comp4321\apache-tomcat-11.0.0-M19\temp
24-Apr-2024 15:21:13.377 資訊 [main] org.apache.catalina.core.AprLifecycleListener.lifecycleEvent The Apache Tomcat Native library which allows using OpenSSL was not found on the java.library.path: [C:\Users\kevin\.jdks\corretto-21.0.3\bin;C:\WINDOWS\Sun\Java\bin;C:\WINDOWS\system32;C:\WINDOWS;C:\Program Files\NVIDIA GPU Computing Toolkit\CUDA\v12.2\bin;C:\Program Files\NVIDIA GPU Computing Toolkit\CUDA\v12.2\libnvvp;;C:\Program Files\Common Files\Oracle\Java\javapath;C:\Program Files (x86)\Common Files\Oracle\Java\javapath;C:\Windows\system32;C:\Windows;C:\Windows\System32\Wbem;C:\Windows\System32\WindowsPowerShell\v1.0\;C:\Windows\System32\OpenSSH\;C:\Program Files (x86)\NVIDIA Corporation\PhysX\Common;C:\WINDOWS\system32;C:\WINDOWS;C:\WINDOWS\System32\Wbem;C:\WINDOWS\System32\WindowsPowerShell\v1.0\;C:\WINDOWS\System32\OpenSSH\;C:\Program Files\dotnet\;C:\Program Files\PuTTY\;C:\Program Files\Docker\Docker\resources\bin;C:\Program Files\Microsoft SQL Server\150\Tools\Binn\;C:\Program Files\nodejs\;C:\Program Files\CMake\bin;C:\Program Files\NVIDIA Corporation\Nsight Compute 2023.2.2\;C:\Program Files\NVIDIA Corporation\NVIDIA NvDLISR;C:\Program Files (x86)\Windows Kits\10\Windows Performance Toolkit\;C:\Users\kevin\AppData\Local\Microsoft\WindowsApps;C:\Users\kevin\AppData\Local\Programs\Git\cmd;C:\Users\kevin\AppData\Local\Programs\Microsoft VS Code\bin;C:\Users\kevin\AppData\Local\GitHubDesktop\bin;C:\Users\kevin\AppData\Roaming\npm;.]
24-Apr-2024 15:21:13.778 資訊 [main] org.apache.coyote.AbstractProtocol.init Initializing ProtocolHandler ["http-nio-8080"]
24-Apr-2024 15:21:13.824 資訊 [main] org.apache.catalina.startup.Catalina.load Server initialization in [855] milliseconds
24-Apr-2024 15:21:13.923 資訊 [main] org.apache.catalina.core.StandardService.startInternal Starting service [Catalina]
24-Apr-2024 15:21:13.928 資訊 [main] org.apache.catalina.core.StandardEngine.startInternal Starting Servlet engine: [Apache Tomcat/11.0.0-M19]
24-Apr-2024 15:21:13.953 資訊 [main] org.apache.catalina.startup.HostConfig.deployDirectory Deploying web application directory [C:\Users\kevin\Documents\GitHub\comp4321\apache-tomcat-11.0.0-M19\webapps\comp4321]
24-Apr-2024 15:21:14.476 資訊 [main] org.apache.catalina.startup.HostConfig.deployDirectory Deployment of web application directory [C:\Users\kevin\Documents\GitHub\comp4321\apache-tomcat-11.0.0-M19\webapps\comp4321] has finished in [522] ms
24-Apr-2024 15:21:14.480 資訊 [main] org.apache.catalina.startup.HostConfig.deployDirectory Deploying web application directory [C:\Users\kevin\Documents\GitHub\comp4321\apache-tomcat-11.0.0-M19\webapps\docs]
24-Apr-2024 15:21:14.540 資訊 [main] org.apache.catalina.startup.HostConfig.deployDirectory Deployment of web application directory [C:\Users\kevin\Documents\GitHub\comp4321\apache-tomcat-11.0.0-M19\webapps\docs] has finished in [60] ms
24-Apr-2024 15:21:14.544 資訊 [main] org.apache.catalina.startup.HostConfig.deployDirectory Deploying web application directory [C:\Users\kevin\Documents\GitHub\comp4321\apache-tomcat-11.0.0-M19\webapps\examples]
24-Apr-2024 15:21:15.210 資訊 [main] org.apache.catalina.startup.HostConfig.deployDirectory Deployment of web application directory [C:\Users\kevin\Documents\GitHub\comp4321\apache-tomcat-11.0.0-M19\webapps\examples] has finished in [666] ms
24-Apr-2024 15:21:15.215 資訊 [main] org.apache.catalina.startup.HostConfig.deployDirectory Deploying web application directory [C:\Users\kevin\Documents\GitHub\comp4321\apache-tomcat-11.0.0-M19\webapps\host-manager]
24-Apr-2024 15:21:15.285 資訊 [main] org.apache.catalina.startup.HostConfig.deployDirectory Deployment of web application directory [C:\Users\kevin\Documents\GitHub\comp4321\apache-tomcat-11.0.0-M19\webapps\host-manager] has finished in [70] ms
24-Apr-2024 15:21:15.289 資訊 [main] org.apache.catalina.startup.HostConfig.deployDirectory Deploying web application directory [C:\Users\kevin\Documents\GitHub\comp4321\apache-tomcat-11.0.0-M19\webapps\manager]
24-Apr-2024 15:21:15.361 資訊 [main] org.apache.catalina.startup.HostConfig.deployDirectory Deployment of web application directory [C:\Users\kevin\Documents\GitHub\comp4321\apache-tomcat-11.0.0-M19\webapps\manager] has finished in [72] ms
24-Apr-2024 15:21:15.366 資訊 [main] org.apache.catalina.startup.HostConfig.deployDirectory Deploying web application directory [C:\Users\kevin\Documents\GitHub\comp4321\apache-tomcat-11.0.0-M19\webapps\ROOT]
24-Apr-2024 15:21:15.416 資訊 [main] org.apache.catalina.startup.HostConfig.deployDirectory Deployment of web application directory [C:\Users\kevin\Documents\GitHub\comp4321\apache-tomcat-11.0.0-M19\webapps\ROOT] has finished in [50] ms
24-Apr-2024 15:21:15.429 資訊 [main] org.apache.coyote.AbstractProtocol.start Starting ProtocolHandler ["http-nio-8080"]
24-Apr-2024 15:21:15.461 資訊 [main] org.apache.catalina.startup.Catalina.start Server startup in [1630] milliseconds
24-Apr-2024 15:24:15.651 資訊 [main] org.apache.catalina.startup.VersionLoggerListener.log Server version name:   Apache Tomcat/11.0.0-M19
24-Apr-2024 15:24:15.661 資訊 [main] org.apache.catalina.startup.VersionLoggerListener.log Server built:          Apr 9 2024 12:06:10 UTC
24-Apr-2024 15:24:15.662 資訊 [main] org.apache.catalina.startup.VersionLoggerListener.log Server version number: 11.0.0.0
24-Apr-2024 15:24:15.662 資訊 [main] org.apache.catalina.startup.VersionLoggerListener.log OS Name:               Windows 10
24-Apr-2024 15:24:15.663 資訊 [main] org.apache.catalina.startup.VersionLoggerListener.log OS Version:            10.0
24-Apr-2024 15:24:15.663 資訊 [main] org.apache.catalina.startup.VersionLoggerListener.log Architecture:          amd64
24-Apr-2024 15:24:15.663 資訊 [main] org.apache.catalina.startup.VersionLoggerListener.log Java Home:             C:\Users\kevin\.jdks\corretto-21.0.3
24-Apr-2024 15:24:15.664 資訊 [main] org.apache.catalina.startup.VersionLoggerListener.log JVM Version:           21.0.3+9-LTS
24-Apr-2024 15:24:15.664 資訊 [main] org.apache.catalina.startup.VersionLoggerListener.log JVM Vendor:            Amazon.com Inc.
24-Apr-2024 15:24:15.664 資訊 [main] org.apache.catalina.startup.VersionLoggerListener.log CATALINA_BASE:         C:\Users\kevin\Documents\GitHub\comp4321\apache-tomcat-11.0.0-M19
24-Apr-2024 15:24:15.665 資訊 [main] org.apache.catalina.startup.VersionLoggerListener.log CATALINA_HOME:         C:\Users\kevin\Documents\GitHub\comp4321\apache-tomcat-11.0.0-M19
24-Apr-2024 15:24:15.698 資訊 [main] org.apache.catalina.startup.VersionLoggerListener.log Command line argument: -Djava.util.logging.config.file=C:\Users\kevin\Documents\GitHub\comp4321\apache-tomcat-11.0.0-M19\conf\logging.properties
24-Apr-2024 15:24:15.700 資訊 [main] org.apache.catalina.startup.VersionLoggerListener.log Command line argument: -Djava.util.logging.manager=org.apache.juli.ClassLoaderLogManager
24-Apr-2024 15:24:15.702 資訊 [main] org.apache.catalina.startup.VersionLoggerListener.log Command line argument: -Djdk.tls.ephemeralDHKeySize=2048
24-Apr-2024 15:24:15.704 資訊 [main] org.apache.catalina.startup.VersionLoggerListener.log Command line argument: --add-opens=java.base/java.lang=ALL-UNNAMED
24-Apr-2024 15:24:15.706 資訊 [main] org.apache.catalina.startup.VersionLoggerListener.log Command line argument: --add-opens=java.base/java.io=ALL-UNNAMED
24-Apr-2024 15:24:15.707 資訊 [main] org.apache.catalina.startup.VersionLoggerListener.log Command line argument: --add-opens=java.base/java.util=ALL-UNNAMED
24-Apr-2024 15:24:15.709 資訊 [main] org.apache.catalina.startup.VersionLoggerListener.log Command line argument: --add-opens=java.base/java.util.concurrent=ALL-UNNAMED
24-Apr-2024 15:24:15.711 資訊 [main] org.apache.catalina.startup.VersionLoggerListener.log Command line argument: --add-opens=java.rmi/sun.rmi.transport=ALL-UNNAMED
24-Apr-2024 15:24:15.713 資訊 [main] org.apache.catalina.startup.VersionLoggerListener.log Command line argument: --enable-native-access=ALL-UNNAMED
24-Apr-2024 15:24:15.715 資訊 [main] org.apache.catalina.startup.VersionLoggerListener.log Command line argument: -Dcatalina.base=C:\Users\kevin\Documents\GitHub\comp4321\apache-tomcat-11.0.0-M19
24-Apr-2024 15:24:15.717 資訊 [main] org.apache.catalina.startup.VersionLoggerListener.log Command line argument: -Dcatalina.home=C:\Users\kevin\Documents\GitHub\comp4321\apache-tomcat-11.0.0-M19
24-Apr-2024 15:24:15.719 資訊 [main] org.apache.catalina.startup.VersionLoggerListener.log Command line argument: -Djava.io.tmpdir=C:\Users\kevin\Documents\GitHub\comp4321\apache-tomcat-11.0.0-M19\temp
24-Apr-2024 15:24:15.758 資訊 [main] org.apache.catalina.core.AprLifecycleListener.lifecycleEvent The Apache Tomcat Native library which allows using OpenSSL was not found on the java.library.path: [C:\Users\kevin\.jdks\corretto-21.0.3\bin;C:\WINDOWS\Sun\Java\bin;C:\WINDOWS\system32;C:\WINDOWS;C:\Program Files\NVIDIA GPU Computing Toolkit\CUDA\v12.2\bin;C:\Program Files\NVIDIA GPU Computing Toolkit\CUDA\v12.2\libnvvp;;C:\Program Files\Common Files\Oracle\Java\javapath;C:\Program Files (x86)\Common Files\Oracle\Java\javapath;C:\Windows\system32;C:\Windows;C:\Windows\System32\Wbem;C:\Windows\System32\WindowsPowerShell\v1.0\;C:\Windows\System32\OpenSSH\;C:\Program Files (x86)\NVIDIA Corporation\PhysX\Common;C:\WINDOWS\system32;C:\WINDOWS;C:\WINDOWS\System32\Wbem;C:\WINDOWS\System32\WindowsPowerShell\v1.0\;C:\WINDOWS\System32\OpenSSH\;C:\Program Files\dotnet\;C:\Program Files\PuTTY\;C:\Program Files\Docker\Docker\resources\bin;C:\Program Files\Microsoft SQL Server\150\Tools\Binn\;C:\Program Files\nodejs\;C:\Program Files\CMake\bin;C:\Program Files\NVIDIA Corporation\Nsight Compute 2023.2.2\;C:\Program Files\NVIDIA Corporation\NVIDIA NvDLISR;C:\Program Files (x86)\Windows Kits\10\Windows Performance Toolkit\;C:\Users\kevin\AppData\Local\Microsoft\WindowsApps;C:\Users\kevin\AppData\Local\Programs\Git\cmd;C:\Users\kevin\AppData\Local\Programs\Microsoft VS Code\bin;C:\Users\kevin\AppData\Local\GitHubDesktop\bin;C:\Users\kevin\AppData\Roaming\npm;.]
24-Apr-2024 15:24:16.156 資訊 [main] org.apache.coyote.AbstractProtocol.init Initializing ProtocolHandler ["http-nio-8080"]
24-Apr-2024 15:24:16.185 嚴重 [main] org.apache.catalina.util.LifecycleBase.handleSubClassException Failed to initialize component [Connector["http-nio-8080"]]
	org.apache.catalina.LifecycleException: Protocol handler initialization failed
		at org.apache.catalina.connector.Connector.initInternal(Connector.java:1035)
		at org.apache.catalina.util.LifecycleBase.init(LifecycleBase.java:127)
		at org.apache.catalina.core.StandardService.initInternal(StandardService.java:578)
		at org.apache.catalina.util.LifecycleBase.init(LifecycleBase.java:127)
		at org.apache.catalina.core.StandardServer.initInternal(StandardServer.java:1035)
		at org.apache.catalina.util.LifecycleBase.init(LifecycleBase.java:127)
		at org.apache.catalina.startup.Catalina.load(Catalina.java:706)
		at org.apache.catalina.startup.Catalina.load(Catalina.java:729)
		at java.base/jdk.internal.reflect.DirectMethodHandleAccessor.invoke(DirectMethodHandleAccessor.java:103)
		at java.base/java.lang.reflect.Method.invoke(Method.java:580)
		at org.apache.catalina.startup.Bootstrap.load(Bootstrap.java:299)
		at org.apache.catalina.startup.Bootstrap.main(Bootstrap.java:469)
	Caused by: java.net.BindException: Address already in use: bind
		at java.base/sun.nio.ch.Net.bind0(Native Method)
		at java.base/sun.nio.ch.Net.bind(Net.java:565)
		at java.base/sun.nio.ch.ServerSocketChannelImpl.netBind(ServerSocketChannelImpl.java:344)
		at java.base/sun.nio.ch.ServerSocketChannelImpl.bind(ServerSocketChannelImpl.java:301)
		at org.apache.tomcat.util.net.NioEndpoint.initServerSocket(NioEndpoint.java:240)
		at org.apache.tomcat.util.net.NioEndpoint.bind(NioEndpoint.java:195)
		at org.apache.tomcat.util.net.AbstractEndpoint.bindWithCleanup(AbstractEndpoint.java:1461)
		at org.apache.tomcat.util.net.AbstractEndpoint.init(AbstractEndpoint.java:1474)
		at org.apache.coyote.AbstractProtocol.init(AbstractProtocol.java:624)
		at org.apache.coyote.http11.AbstractHttp11Protocol.init(AbstractHttp11Protocol.java:78)
		at org.apache.catalina.connector.Connector.initInternal(Connector.java:1033)
		... 11 more
24-Apr-2024 15:24:16.189 資訊 [main] org.apache.catalina.startup.Catalina.load Server initialization in [823] milliseconds
24-Apr-2024 15:24:16.264 資訊 [main] org.apache.catalina.core.StandardService.startInternal Starting service [Catalina]
24-Apr-2024 15:24:16.268 資訊 [main] org.apache.catalina.core.StandardEngine.startInternal Starting Servlet engine: [Apache Tomcat/11.0.0-M19]
24-Apr-2024 15:24:16.289 資訊 [main] org.apache.catalina.startup.HostConfig.deployDirectory Deploying web application directory [C:\Users\kevin\Documents\GitHub\comp4321\apache-tomcat-11.0.0-M19\webapps\comp4321]
24-Apr-2024 15:24:16.736 資訊 [main] org.apache.catalina.startup.HostConfig.deployDirectory Deployment of web application directory [C:\Users\kevin\Documents\GitHub\comp4321\apache-tomcat-11.0.0-M19\webapps\comp4321] has finished in [446] ms
24-Apr-2024 15:24:16.741 資訊 [main] org.apache.catalina.startup.HostConfig.deployDirectory Deploying web application directory [C:\Users\kevin\Documents\GitHub\comp4321\apache-tomcat-11.0.0-M19\webapps\docs]
24-Apr-2024 15:24:16.819 資訊 [main] org.apache.catalina.startup.HostConfig.deployDirectory Deployment of web application directory [C:\Users\kevin\Documents\GitHub\comp4321\apache-tomcat-11.0.0-M19\webapps\docs] has finished in [78] ms
24-Apr-2024 15:24:16.823 資訊 [main] org.apache.catalina.startup.HostConfig.deployDirectory Deploying web application directory [C:\Users\kevin\Documents\GitHub\comp4321\apache-tomcat-11.0.0-M19\webapps\examples]
24-Apr-2024 15:24:17.444 資訊 [main] org.apache.catalina.startup.HostConfig.deployDirectory Deployment of web application directory [C:\Users\kevin\Documents\GitHub\comp4321\apache-tomcat-11.0.0-M19\webapps\examples] has finished in [621] ms
24-Apr-2024 15:24:17.448 資訊 [main] org.apache.catalina.startup.HostConfig.deployDirectory Deploying web application directory [C:\Users\kevin\Documents\GitHub\comp4321\apache-tomcat-11.0.0-M19\webapps\host-manager]
24-Apr-2024 15:24:17.515 資訊 [main] org.apache.catalina.startup.HostConfig.deployDirectory Deployment of web application directory [C:\Users\kevin\Documents\GitHub\comp4321\apache-tomcat-11.0.0-M19\webapps\host-manager] has finished in [67] ms
24-Apr-2024 15:24:17.519 資訊 [main] org.apache.catalina.startup.HostConfig.deployDirectory Deploying web application directory [C:\Users\kevin\Documents\GitHub\comp4321\apache-tomcat-11.0.0-M19\webapps\manager]
24-Apr-2024 15:24:17.584 資訊 [main] org.apache.catalina.startup.HostConfig.deployDirectory Deployment of web application directory [C:\Users\kevin\Documents\GitHub\comp4321\apache-tomcat-11.0.0-M19\webapps\manager] has finished in [66] ms
24-Apr-2024 15:24:17.589 資訊 [main] org.apache.catalina.startup.HostConfig.deployDirectory Deploying web application directory [C:\Users\kevin\Documents\GitHub\comp4321\apache-tomcat-11.0.0-M19\webapps\ROOT]
24-Apr-2024 15:24:17.631 資訊 [main] org.apache.catalina.startup.HostConfig.deployDirectory Deployment of web application directory [C:\Users\kevin\Documents\GitHub\comp4321\apache-tomcat-11.0.0-M19\webapps\ROOT] has finished in [41] ms
24-Apr-2024 15:24:17.643 資訊 [main] org.apache.catalina.startup.Catalina.start Server startup in [1451] milliseconds
24-Apr-2024 15:24:17.661 嚴重 [main] org.apache.catalina.core.StandardServer.await Failed to create server shutdown socket on address [localhost] and port [8005] (base port [8005] and offset [0])
	java.net.BindException: Address already in use: bind
		at java.base/sun.nio.ch.Net.bind0(Native Method)
		at java.base/sun.nio.ch.Net.bind(Net.java:565)
		at java.base/sun.nio.ch.Net.bind(Net.java:554)
		at java.base/sun.nio.ch.NioSocketImpl.bind(NioSocketImpl.java:636)
		at java.base/java.net.ServerSocket.bind(ServerSocket.java:391)
		at java.base/java.net.ServerSocket.<init>(ServerSocket.java:278)
		at org.apache.catalina.core.StandardServer.await(StandardServer.java:586)
		at org.apache.catalina.startup.Catalina.await(Catalina.java:845)
		at org.apache.catalina.startup.Catalina.start(Catalina.java:793)
		at java.base/jdk.internal.reflect.DirectMethodHandleAccessor.invoke(DirectMethodHandleAccessor.java:103)
		at java.base/java.lang.reflect.Method.invoke(Method.java:580)
		at org.apache.catalina.startup.Bootstrap.start(Bootstrap.java:342)
		at org.apache.catalina.startup.Bootstrap.main(Bootstrap.java:470)
24-Apr-2024 15:24:17.663 資訊 [main] org.apache.coyote.AbstractProtocol.pause Pausing ProtocolHandler ["http-nio-8080"]
24-Apr-2024 15:24:17.671 資訊 [main] org.apache.catalina.core.StandardService.stopInternal Stopping service [Catalina]
24-Apr-2024 15:24:17.714 資訊 [main] org.apache.coyote.AbstractProtocol.stop Stopping ProtocolHandler ["http-nio-8080"]
24-Apr-2024 15:24:17.718 資訊 [main] org.apache.coyote.AbstractProtocol.destroy Destroying ProtocolHandler ["http-nio-8080"]
24-Apr-2024 15:27:54.191 資訊 [main] org.apache.catalina.startup.VersionLoggerListener.log Server version name:   Apache Tomcat/11.0.0-M19
24-Apr-2024 15:27:54.198 資訊 [main] org.apache.catalina.startup.VersionLoggerListener.log Server built:          Apr 9 2024 12:06:10 UTC
24-Apr-2024 15:27:54.199 資訊 [main] org.apache.catalina.startup.VersionLoggerListener.log Server version number: 11.0.0.0
24-Apr-2024 15:27:54.199 資訊 [main] org.apache.catalina.startup.VersionLoggerListener.log OS Name:               Windows 10
24-Apr-2024 15:27:54.200 資訊 [main] org.apache.catalina.startup.VersionLoggerListener.log OS Version:            10.0
24-Apr-2024 15:27:54.200 資訊 [main] org.apache.catalina.startup.VersionLoggerListener.log Architecture:          amd64
24-Apr-2024 15:27:54.200 資訊 [main] org.apache.catalina.startup.VersionLoggerListener.log Java Home:             C:\Users\kevin\.jdks\corretto-21.0.3
24-Apr-2024 15:27:54.200 資訊 [main] org.apache.catalina.startup.VersionLoggerListener.log JVM Version:           21.0.3+9-LTS
24-Apr-2024 15:27:54.201 資訊 [main] org.apache.catalina.startup.VersionLoggerListener.log JVM Vendor:            Amazon.com Inc.
24-Apr-2024 15:27:54.201 資訊 [main] org.apache.catalina.startup.VersionLoggerListener.log CATALINA_BASE:         C:\Users\kevin\Documents\GitHub\comp4321\apache-tomcat-11.0.0-M19
24-Apr-2024 15:27:54.201 資訊 [main] org.apache.catalina.startup.VersionLoggerListener.log CATALINA_HOME:         C:\Users\kevin\Documents\GitHub\comp4321\apache-tomcat-11.0.0-M19
24-Apr-2024 15:27:54.228 資訊 [main] org.apache.catalina.startup.VersionLoggerListener.log Command line argument: -Djava.util.logging.config.file=C:\Users\kevin\Documents\GitHub\comp4321\apache-tomcat-11.0.0-M19\conf\logging.properties
24-Apr-2024 15:27:54.232 資訊 [main] org.apache.catalina.startup.VersionLoggerListener.log Command line argument: -Djava.util.logging.manager=org.apache.juli.ClassLoaderLogManager
24-Apr-2024 15:27:54.235 資訊 [main] org.apache.catalina.startup.VersionLoggerListener.log Command line argument: -Djdk.tls.ephemeralDHKeySize=2048
24-Apr-2024 15:27:54.237 資訊 [main] org.apache.catalina.startup.VersionLoggerListener.log Command line argument: --add-opens=java.base/java.lang=ALL-UNNAMED
24-Apr-2024 15:27:54.238 資訊 [main] org.apache.catalina.startup.VersionLoggerListener.log Command line argument: --add-opens=java.base/java.io=ALL-UNNAMED
24-Apr-2024 15:27:54.240 資訊 [main] org.apache.catalina.startup.VersionLoggerListener.log Command line argument: --add-opens=java.base/java.util=ALL-UNNAMED
24-Apr-2024 15:27:54.250 資訊 [main] org.apache.catalina.startup.VersionLoggerListener.log Command line argument: --add-opens=java.base/java.util.concurrent=ALL-UNNAMED
24-Apr-2024 15:27:54.252 資訊 [main] org.apache.catalina.startup.VersionLoggerListener.log Command line argument: --add-opens=java.rmi/sun.rmi.transport=ALL-UNNAMED
24-Apr-2024 15:27:54.254 資訊 [main] org.apache.catalina.startup.VersionLoggerListener.log Command line argument: --enable-native-access=ALL-UNNAMED
24-Apr-2024 15:27:54.257 資訊 [main] org.apache.catalina.startup.VersionLoggerListener.log Command line argument: -Dcatalina.base=C:\Users\kevin\Documents\GitHub\comp4321\apache-tomcat-11.0.0-M19
24-Apr-2024 15:27:54.259 資訊 [main] org.apache.catalina.startup.VersionLoggerListener.log Command line argument: -Dcatalina.home=C:\Users\kevin\Documents\GitHub\comp4321\apache-tomcat-11.0.0-M19
24-Apr-2024 15:27:54.262 資訊 [main] org.apache.catalina.startup.VersionLoggerListener.log Command line argument: -Djava.io.tmpdir=C:\Users\kevin\Documents\GitHub\comp4321\apache-tomcat-11.0.0-M19\temp
24-Apr-2024 15:27:54.287 資訊 [main] org.apache.catalina.core.AprLifecycleListener.lifecycleEvent The Apache Tomcat Native library which allows using OpenSSL was not found on the java.library.path: [C:\Users\kevin\.jdks\corretto-21.0.3\bin;C:\WINDOWS\Sun\Java\bin;C:\WINDOWS\system32;C:\WINDOWS;C:\Program Files\NVIDIA GPU Computing Toolkit\CUDA\v12.2\bin;C:\Program Files\NVIDIA GPU Computing Toolkit\CUDA\v12.2\libnvvp;;C:\Program Files\Common Files\Oracle\Java\javapath;C:\Program Files (x86)\Common Files\Oracle\Java\javapath;C:\Windows\system32;C:\Windows;C:\Windows\System32\Wbem;C:\Windows\System32\WindowsPowerShell\v1.0\;C:\Windows\System32\OpenSSH\;C:\Program Files (x86)\NVIDIA Corporation\PhysX\Common;C:\WINDOWS\system32;C:\WINDOWS;C:\WINDOWS\System32\Wbem;C:\WINDOWS\System32\WindowsPowerShell\v1.0\;C:\WINDOWS\System32\OpenSSH\;C:\Program Files\dotnet\;C:\Program Files\PuTTY\;C:\Program Files\Docker\Docker\resources\bin;C:\Program Files\Microsoft SQL Server\150\Tools\Binn\;C:\Program Files\nodejs\;C:\Program Files\CMake\bin;C:\Program Files\NVIDIA Corporation\Nsight Compute 2023.2.2\;C:\Program Files\NVIDIA Corporation\NVIDIA NvDLISR;C:\Program Files (x86)\Windows Kits\10\Windows Performance Toolkit\;C:\Users\kevin\AppData\Local\Microsoft\WindowsApps;C:\Users\kevin\AppData\Local\Programs\Git\cmd;C:\Users\kevin\AppData\Local\Programs\Microsoft VS Code\bin;C:\Users\kevin\AppData\Local\GitHubDesktop\bin;C:\Users\kevin\AppData\Roaming\npm;.]
24-Apr-2024 15:27:54.673 資訊 [main] org.apache.coyote.AbstractProtocol.init Initializing ProtocolHandler ["http-nio-8080"]
24-Apr-2024 15:27:54.714 資訊 [main] org.apache.catalina.startup.Catalina.load Server initialization in [805] milliseconds
24-Apr-2024 15:27:54.799 資訊 [main] org.apache.catalina.core.StandardService.startInternal Starting service [Catalina]
24-Apr-2024 15:27:54.807 資訊 [main] org.apache.catalina.core.StandardEngine.startInternal Starting Servlet engine: [Apache Tomcat/11.0.0-M19]
24-Apr-2024 15:27:54.833 資訊 [main] org.apache.catalina.startup.HostConfig.deployDirectory Deploying web application directory [C:\Users\kevin\Documents\GitHub\comp4321\apache-tomcat-11.0.0-M19\webapps\comp4321]
24-Apr-2024 15:27:55.429 資訊 [main] org.apache.catalina.startup.HostConfig.deployDirectory Deployment of web application directory [C:\Users\kevin\Documents\GitHub\comp4321\apache-tomcat-11.0.0-M19\webapps\comp4321] has finished in [595] ms
24-Apr-2024 15:27:55.434 資訊 [main] org.apache.catalina.startup.HostConfig.deployDirectory Deploying web application directory [C:\Users\kevin\Documents\GitHub\comp4321\apache-tomcat-11.0.0-M19\webapps\docs]
24-Apr-2024 15:27:55.501 資訊 [main] org.apache.catalina.startup.HostConfig.deployDirectory Deployment of web application directory [C:\Users\kevin\Documents\GitHub\comp4321\apache-tomcat-11.0.0-M19\webapps\docs] has finished in [68] ms
24-Apr-2024 15:27:55.505 資訊 [main] org.apache.catalina.startup.HostConfig.deployDirectory Deploying web application directory [C:\Users\kevin\Documents\GitHub\comp4321\apache-tomcat-11.0.0-M19\webapps\examples]
24-Apr-2024 15:27:56.159 資訊 [main] org.apache.catalina.startup.HostConfig.deployDirectory Deployment of web application directory [C:\Users\kevin\Documents\GitHub\comp4321\apache-tomcat-11.0.0-M19\webapps\examples] has finished in [654] ms
24-Apr-2024 15:27:56.165 資訊 [main] org.apache.catalina.startup.HostConfig.deployDirectory Deploying web application directory [C:\Users\kevin\Documents\GitHub\comp4321\apache-tomcat-11.0.0-M19\webapps\host-manager]
24-Apr-2024 15:27:56.231 資訊 [main] org.apache.catalina.startup.HostConfig.deployDirectory Deployment of web application directory [C:\Users\kevin\Documents\GitHub\comp4321\apache-tomcat-11.0.0-M19\webapps\host-manager] has finished in [66] ms
24-Apr-2024 15:27:56.235 資訊 [main] org.apache.catalina.startup.HostConfig.deployDirectory Deploying web application directory [C:\Users\kevin\Documents\GitHub\comp4321\apache-tomcat-11.0.0-M19\webapps\manager]
24-Apr-2024 15:27:56.307 資訊 [main] org.apache.catalina.startup.HostConfig.deployDirectory Deployment of web application directory [C:\Users\kevin\Documents\GitHub\comp4321\apache-tomcat-11.0.0-M19\webapps\manager] has finished in [72] ms
24-Apr-2024 15:27:56.313 資訊 [main] org.apache.catalina.startup.HostConfig.deployDirectory Deploying web application directory [C:\Users\kevin\Documents\GitHub\comp4321\apache-tomcat-11.0.0-M19\webapps\ROOT]
24-Apr-2024 15:27:56.355 資訊 [main] org.apache.catalina.startup.HostConfig.deployDirectory Deployment of web application directory [C:\Users\kevin\Documents\GitHub\comp4321\apache-tomcat-11.0.0-M19\webapps\ROOT] has finished in [42] ms
24-Apr-2024 15:27:56.373 資訊 [main] org.apache.coyote.AbstractProtocol.start Starting ProtocolHandler ["http-nio-8080"]
24-Apr-2024 15:27:56.408 資訊 [main] org.apache.catalina.startup.Catalina.start Server startup in [1689] milliseconds
