23-Apr-2024 19:17:09.428 資訊 [main] org.apache.catalina.startup.VersionLoggerListener.log Server version name:   Apache Tomcat/11.0.0-M19
23-Apr-2024 19:17:09.441 資訊 [main] org.apache.catalina.startup.VersionLoggerListener.log Server built:          Apr 9 2024 12:06:10 UTC
23-Apr-2024 19:17:09.442 資訊 [main] org.apache.catalina.startup.VersionLoggerListener.log Server version number: 11.0.0.0
23-Apr-2024 19:17:09.443 資訊 [main] org.apache.catalina.startup.VersionLoggerListener.log OS Name:               Windows 10
23-Apr-2024 19:17:09.443 資訊 [main] org.apache.catalina.startup.VersionLoggerListener.log OS Version:            10.0
23-Apr-2024 19:17:09.444 資訊 [main] org.apache.catalina.startup.VersionLoggerListener.log Architecture:          amd64
23-Apr-2024 19:17:09.444 資訊 [main] org.apache.catalina.startup.VersionLoggerListener.log Java Home:             C:\Users\kevin\.jdks\corretto-21.0.3
23-Apr-2024 19:17:09.444 資訊 [main] org.apache.catalina.startup.VersionLoggerListener.log JVM Version:           21.0.3+9-LTS
23-Apr-2024 19:17:09.445 資訊 [main] org.apache.catalina.startup.VersionLoggerListener.log JVM Vendor:            Amazon.com Inc.
23-Apr-2024 19:17:09.445 資訊 [main] org.apache.catalina.startup.VersionLoggerListener.log CATALINA_BASE:         C:\Users\kevin\Documents\GitHub\comp4321\apache-tomcat-11.0.0-M19
23-Apr-2024 19:17:09.445 資訊 [main] org.apache.catalina.startup.VersionLoggerListener.log CATALINA_HOME:         C:\Users\kevin\Documents\GitHub\comp4321\apache-tomcat-11.0.0-M19
23-Apr-2024 19:17:09.474 資訊 [main] org.apache.catalina.startup.VersionLoggerListener.log Command line argument: -Djava.util.logging.config.file=C:\Users\kevin\Documents\GitHub\comp4321\apache-tomcat-11.0.0-M19\conf\logging.properties
23-Apr-2024 19:17:09.479 資訊 [main] org.apache.catalina.startup.VersionLoggerListener.log Command line argument: -Djava.util.logging.manager=org.apache.juli.ClassLoaderLogManager
23-Apr-2024 19:17:09.481 資訊 [main] org.apache.catalina.startup.VersionLoggerListener.log Command line argument: -Djdk.tls.ephemeralDHKeySize=2048
23-Apr-2024 19:17:09.483 資訊 [main] org.apache.catalina.startup.VersionLoggerListener.log Command line argument: --add-opens=java.base/java.lang=ALL-UNNAMED
23-Apr-2024 19:17:09.484 資訊 [main] org.apache.catalina.startup.VersionLoggerListener.log Command line argument: --add-opens=java.base/java.io=ALL-UNNAMED
23-Apr-2024 19:17:09.486 資訊 [main] org.apache.catalina.startup.VersionLoggerListener.log Command line argument: --add-opens=java.base/java.util=ALL-UNNAMED
23-Apr-2024 19:17:09.487 資訊 [main] org.apache.catalina.startup.VersionLoggerListener.log Command line argument: --add-opens=java.base/java.util.concurrent=ALL-UNNAMED
23-Apr-2024 19:17:09.489 資訊 [main] org.apache.catalina.startup.VersionLoggerListener.log Command line argument: --add-opens=java.rmi/sun.rmi.transport=ALL-UNNAMED
23-Apr-2024 19:17:09.503 資訊 [main] org.apache.catalina.startup.VersionLoggerListener.log Command line argument: --enable-native-access=ALL-UNNAMED
23-Apr-2024 19:17:09.506 資訊 [main] org.apache.catalina.startup.VersionLoggerListener.log Command line argument: -Dcatalina.base=C:\Users\kevin\Documents\GitHub\comp4321\apache-tomcat-11.0.0-M19
23-Apr-2024 19:17:09.508 資訊 [main] org.apache.catalina.startup.VersionLoggerListener.log Command line argument: -Dcatalina.home=C:\Users\kevin\Documents\GitHub\comp4321\apache-tomcat-11.0.0-M19
23-Apr-2024 19:17:09.510 資訊 [main] org.apache.catalina.startup.VersionLoggerListener.log Command line argument: -Djava.io.tmpdir=C:\Users\kevin\Documents\GitHub\comp4321\apache-tomcat-11.0.0-M19\temp
23-Apr-2024 19:17:09.533 資訊 [main] org.apache.catalina.core.AprLifecycleListener.lifecycleEvent The Apache Tomcat Native library which allows using OpenSSL was not found on the java.library.path: [C:\Users\kevin\.jdks\corretto-21.0.3\bin;C:\WINDOWS\Sun\Java\bin;C:\WINDOWS\system32;C:\WINDOWS;C:\Program Files\NVIDIA GPU Computing Toolkit\CUDA\v12.2\bin;C:\Program Files\NVIDIA GPU Computing Toolkit\CUDA\v12.2\libnvvp;;C:\Program Files\Common Files\Oracle\Java\javapath;C:\Program Files (x86)\Common Files\Oracle\Java\javapath;C:\Windows\system32;C:\Windows;C:\Windows\System32\Wbem;C:\Windows\System32\WindowsPowerShell\v1.0\;C:\Windows\System32\OpenSSH\;C:\Program Files (x86)\NVIDIA Corporation\PhysX\Common;C:\WINDOWS\system32;C:\WINDOWS;C:\WINDOWS\System32\Wbem;C:\WINDOWS\System32\WindowsPowerShell\v1.0\;C:\WINDOWS\System32\OpenSSH\;C:\Program Files\dotnet\;C:\Program Files\PuTTY\;C:\Program Files\Docker\Docker\resources\bin;C:\Program Files\Microsoft SQL Server\150\Tools\Binn\;C:\Program Files\nodejs\;C:\Program Files\CMake\bin;C:\Program Files\NVIDIA Corporation\Nsight Compute 2023.2.2\;C:\Program Files\NVIDIA Corporation\NVIDIA NvDLISR;C:\Program Files (x86)\Windows Kits\10\Windows Performance Toolkit\;C:\Users\kevin\AppData\Local\Microsoft\WindowsApps;C:\Users\kevin\AppData\Local\Programs\Git\cmd;C:\Users\kevin\AppData\Local\Programs\Microsoft VS Code\bin;C:\Users\kevin\AppData\Local\GitHubDesktop\bin;C:\Users\kevin\AppData\Roaming\npm;.]
23-Apr-2024 19:17:09.952 資訊 [main] org.apache.coyote.AbstractProtocol.init Initializing ProtocolHandler ["http-nio-8080"]
23-Apr-2024 19:17:09.993 資訊 [main] org.apache.catalina.startup.Catalina.load Server initialization in [893] milliseconds
23-Apr-2024 19:17:10.088 資訊 [main] org.apache.catalina.core.StandardService.startInternal Starting service [Catalina]
23-Apr-2024 19:17:10.091 資訊 [main] org.apache.catalina.core.StandardEngine.startInternal Starting Servlet engine: [Apache Tomcat/11.0.0-M19]
23-Apr-2024 19:17:10.117 資訊 [main] org.apache.catalina.startup.HostConfig.deployDirectory Deploying web application directory [C:\Users\kevin\Documents\GitHub\comp4321\apache-tomcat-11.0.0-M19\webapps\docs]
23-Apr-2024 19:17:10.586 資訊 [main] org.apache.catalina.startup.HostConfig.deployDirectory Deployment of web application directory [C:\Users\kevin\Documents\GitHub\comp4321\apache-tomcat-11.0.0-M19\webapps\docs] has finished in [469] ms
23-Apr-2024 19:17:10.590 資訊 [main] org.apache.catalina.startup.HostConfig.deployDirectory Deploying web application directory [C:\Users\kevin\Documents\GitHub\comp4321\apache-tomcat-11.0.0-M19\webapps\examples]
23-Apr-2024 19:17:11.327 資訊 [main] org.apache.catalina.startup.HostConfig.deployDirectory Deployment of web application directory [C:\Users\kevin\Documents\GitHub\comp4321\apache-tomcat-11.0.0-M19\webapps\examples] has finished in [737] ms
23-Apr-2024 19:17:11.331 資訊 [main] org.apache.catalina.startup.HostConfig.deployDirectory Deploying web application directory [C:\Users\kevin\Documents\GitHub\comp4321\apache-tomcat-11.0.0-M19\webapps\host-manager]
23-Apr-2024 19:17:11.404 資訊 [main] org.apache.catalina.startup.HostConfig.deployDirectory Deployment of web application directory [C:\Users\kevin\Documents\GitHub\comp4321\apache-tomcat-11.0.0-M19\webapps\host-manager] has finished in [73] ms
23-Apr-2024 19:17:11.409 資訊 [main] org.apache.catalina.startup.HostConfig.deployDirectory Deploying web application directory [C:\Users\kevin\Documents\GitHub\comp4321\apache-tomcat-11.0.0-M19\webapps\manager]
23-Apr-2024 19:17:11.481 資訊 [main] org.apache.catalina.startup.HostConfig.deployDirectory Deployment of web application directory [C:\Users\kevin\Documents\GitHub\comp4321\apache-tomcat-11.0.0-M19\webapps\manager] has finished in [73] ms
23-Apr-2024 19:17:11.485 資訊 [main] org.apache.catalina.startup.HostConfig.deployDirectory Deploying web application directory [C:\Users\kevin\Documents\GitHub\comp4321\apache-tomcat-11.0.0-M19\webapps\ROOT]
23-Apr-2024 19:17:11.540 資訊 [main] org.apache.catalina.startup.HostConfig.deployDirectory Deployment of web application directory [C:\Users\kevin\Documents\GitHub\comp4321\apache-tomcat-11.0.0-M19\webapps\ROOT] has finished in [55] ms
23-Apr-2024 19:17:11.551 資訊 [main] org.apache.coyote.AbstractProtocol.start Starting ProtocolHandler ["http-nio-8080"]
23-Apr-2024 19:17:11.593 資訊 [main] org.apache.catalina.startup.Catalina.start Server startup in [1592] milliseconds
23-Apr-2024 20:13:31.095 資訊 [main] org.apache.catalina.startup.VersionLoggerListener.log Server version name:   Apache Tomcat/11.0.0-M19
23-Apr-2024 20:13:31.105 資訊 [main] org.apache.catalina.startup.VersionLoggerListener.log Server built:          Apr 9 2024 12:06:10 UTC
23-Apr-2024 20:13:31.106 資訊 [main] org.apache.catalina.startup.VersionLoggerListener.log Server version number: 11.0.0.0
23-Apr-2024 20:13:31.106 資訊 [main] org.apache.catalina.startup.VersionLoggerListener.log OS Name:               Windows 10
23-Apr-2024 20:13:31.106 資訊 [main] org.apache.catalina.startup.VersionLoggerListener.log OS Version:            10.0
23-Apr-2024 20:13:31.107 資訊 [main] org.apache.catalina.startup.VersionLoggerListener.log Architecture:          amd64
23-Apr-2024 20:13:31.107 資訊 [main] org.apache.catalina.startup.VersionLoggerListener.log Java Home:             C:\Users\kevin\.jdks\corretto-21.0.3
23-Apr-2024 20:13:31.108 資訊 [main] org.apache.catalina.startup.VersionLoggerListener.log JVM Version:           21.0.3+9-LTS
23-Apr-2024 20:13:31.108 資訊 [main] org.apache.catalina.startup.VersionLoggerListener.log JVM Vendor:            Amazon.com Inc.
23-Apr-2024 20:13:31.109 資訊 [main] org.apache.catalina.startup.VersionLoggerListener.log CATALINA_BASE:         C:\Users\kevin\Documents\GitHub\comp4321\apache-tomcat-11.0.0-M19
23-Apr-2024 20:13:31.109 資訊 [main] org.apache.catalina.startup.VersionLoggerListener.log CATALINA_HOME:         C:\Users\kevin\Documents\GitHub\comp4321\apache-tomcat-11.0.0-M19
23-Apr-2024 20:13:31.140 資訊 [main] org.apache.catalina.startup.VersionLoggerListener.log Command line argument: -Djava.util.logging.config.file=C:\Users\kevin\Documents\GitHub\comp4321\apache-tomcat-11.0.0-M19\conf\logging.properties
23-Apr-2024 20:13:31.146 資訊 [main] org.apache.catalina.startup.VersionLoggerListener.log Command line argument: -Djava.util.logging.manager=org.apache.juli.ClassLoaderLogManager
23-Apr-2024 20:13:31.148 資訊 [main] org.apache.catalina.startup.VersionLoggerListener.log Command line argument: -Djdk.tls.ephemeralDHKeySize=2048
23-Apr-2024 20:13:31.149 資訊 [main] org.apache.catalina.startup.VersionLoggerListener.log Command line argument: --add-opens=java.base/java.lang=ALL-UNNAMED
23-Apr-2024 20:13:31.152 資訊 [main] org.apache.catalina.startup.VersionLoggerListener.log Command line argument: --add-opens=java.base/java.io=ALL-UNNAMED
23-Apr-2024 20:13:31.153 資訊 [main] org.apache.catalina.startup.VersionLoggerListener.log Command line argument: --add-opens=java.base/java.util=ALL-UNNAMED
23-Apr-2024 20:13:31.155 資訊 [main] org.apache.catalina.startup.VersionLoggerListener.log Command line argument: --add-opens=java.base/java.util.concurrent=ALL-UNNAMED
23-Apr-2024 20:13:31.157 資訊 [main] org.apache.catalina.startup.VersionLoggerListener.log Command line argument: --add-opens=java.rmi/sun.rmi.transport=ALL-UNNAMED
23-Apr-2024 20:13:31.158 資訊 [main] org.apache.catalina.startup.VersionLoggerListener.log Command line argument: --enable-native-access=ALL-UNNAMED
23-Apr-2024 20:13:31.161 資訊 [main] org.apache.catalina.startup.VersionLoggerListener.log Command line argument: -Dcatalina.base=C:\Users\kevin\Documents\GitHub\comp4321\apache-tomcat-11.0.0-M19
23-Apr-2024 20:13:31.177 資訊 [main] org.apache.catalina.startup.VersionLoggerListener.log Command line argument: -Dcatalina.home=C:\Users\kevin\Documents\GitHub\comp4321\apache-tomcat-11.0.0-M19
23-Apr-2024 20:13:31.178 資訊 [main] org.apache.catalina.startup.VersionLoggerListener.log Command line argument: -Djava.io.tmpdir=C:\Users\kevin\Documents\GitHub\comp4321\apache-tomcat-11.0.0-M19\temp
23-Apr-2024 20:13:31.202 資訊 [main] org.apache.catalina.core.AprLifecycleListener.lifecycleEvent The Apache Tomcat Native library which allows using OpenSSL was not found on the java.library.path: [C:\Users\kevin\.jdks\corretto-21.0.3\bin;C:\WINDOWS\Sun\Java\bin;C:\WINDOWS\system32;C:\WINDOWS;C:\Program Files\NVIDIA GPU Computing Toolkit\CUDA\v12.2\bin;C:\Program Files\NVIDIA GPU Computing Toolkit\CUDA\v12.2\libnvvp;;C:\Program Files\Common Files\Oracle\Java\javapath;C:\Program Files (x86)\Common Files\Oracle\Java\javapath;C:\Windows\system32;C:\Windows;C:\Windows\System32\Wbem;C:\Windows\System32\WindowsPowerShell\v1.0\;C:\Windows\System32\OpenSSH\;C:\Program Files (x86)\NVIDIA Corporation\PhysX\Common;C:\WINDOWS\system32;C:\WINDOWS;C:\WINDOWS\System32\Wbem;C:\WINDOWS\System32\WindowsPowerShell\v1.0\;C:\WINDOWS\System32\OpenSSH\;C:\Program Files\dotnet\;C:\Program Files\PuTTY\;C:\Program Files\Docker\Docker\resources\bin;C:\Program Files\Microsoft SQL Server\150\Tools\Binn\;C:\Program Files\nodejs\;C:\Program Files\CMake\bin;C:\Program Files\NVIDIA Corporation\Nsight Compute 2023.2.2\;C:\Program Files\NVIDIA Corporation\NVIDIA NvDLISR;C:\Program Files (x86)\Windows Kits\10\Windows Performance Toolkit\;C:\Users\kevin\AppData\Local\Microsoft\WindowsApps;C:\Users\kevin\AppData\Local\Programs\Git\cmd;C:\Users\kevin\AppData\Local\Programs\Microsoft VS Code\bin;C:\Users\kevin\AppData\Local\GitHubDesktop\bin;C:\Users\kevin\AppData\Roaming\npm;.]
23-Apr-2024 20:13:31.660 資訊 [main] org.apache.coyote.AbstractProtocol.init Initializing ProtocolHandler ["http-nio-8080"]
23-Apr-2024 20:13:31.712 資訊 [main] org.apache.catalina.startup.Catalina.load Server initialization in [926] milliseconds
23-Apr-2024 20:13:31.799 資訊 [main] org.apache.catalina.core.StandardService.startInternal Starting service [Catalina]
23-Apr-2024 20:13:31.805 資訊 [main] org.apache.catalina.core.StandardEngine.startInternal Starting Servlet engine: [Apache Tomcat/11.0.0-M19]
23-Apr-2024 20:13:31.823 資訊 [main] org.apache.catalina.startup.HostConfig.deployDirectory Deploying web application directory [C:\Users\kevin\Documents\GitHub\comp4321\apache-tomcat-11.0.0-M19\webapps\docs]
23-Apr-2024 20:13:32.276 資訊 [main] org.apache.catalina.startup.HostConfig.deployDirectory Deployment of web application directory [C:\Users\kevin\Documents\GitHub\comp4321\apache-tomcat-11.0.0-M19\webapps\docs] has finished in [452] ms
23-Apr-2024 20:13:32.277 資訊 [main] org.apache.catalina.startup.HostConfig.deployDirectory Deploying web application directory [C:\Users\kevin\Documents\GitHub\comp4321\apache-tomcat-11.0.0-M19\webapps\examples]
23-Apr-2024 20:13:33.319 資訊 [main] org.apache.catalina.startup.HostConfig.deployDirectory Deployment of web application directory [C:\Users\kevin\Documents\GitHub\comp4321\apache-tomcat-11.0.0-M19\webapps\examples] has finished in [1,042] ms
23-Apr-2024 20:13:33.321 資訊 [main] org.apache.catalina.startup.HostConfig.deployDirectory Deploying web application directory [C:\Users\kevin\Documents\GitHub\comp4321\apache-tomcat-11.0.0-M19\webapps\host-manager]
23-Apr-2024 20:13:33.399 資訊 [main] org.apache.catalina.startup.HostConfig.deployDirectory Deployment of web application directory [C:\Users\kevin\Documents\GitHub\comp4321\apache-tomcat-11.0.0-M19\webapps\host-manager] has finished in [79] ms
23-Apr-2024 20:13:33.404 資訊 [main] org.apache.catalina.startup.HostConfig.deployDirectory Deploying web application directory [C:\Users\kevin\Documents\GitHub\comp4321\apache-tomcat-11.0.0-M19\webapps\manager]
23-Apr-2024 20:13:33.470 資訊 [main] org.apache.catalina.startup.HostConfig.deployDirectory Deployment of web application directory [C:\Users\kevin\Documents\GitHub\comp4321\apache-tomcat-11.0.0-M19\webapps\manager] has finished in [67] ms
23-Apr-2024 20:13:33.474 資訊 [main] org.apache.catalina.startup.HostConfig.deployDirectory Deploying web application directory [C:\Users\kevin\Documents\GitHub\comp4321\apache-tomcat-11.0.0-M19\webapps\ROOT]
23-Apr-2024 20:13:33.529 資訊 [main] org.apache.catalina.startup.HostConfig.deployDirectory Deployment of web application directory [C:\Users\kevin\Documents\GitHub\comp4321\apache-tomcat-11.0.0-M19\webapps\ROOT] has finished in [55] ms
23-Apr-2024 20:13:33.542 資訊 [main] org.apache.coyote.AbstractProtocol.start Starting ProtocolHandler ["http-nio-8080"]
23-Apr-2024 20:13:33.584 資訊 [main] org.apache.catalina.startup.Catalina.start Server startup in [1866] milliseconds
23-Apr-2024 20:15:18.809 資訊 [main] org.apache.catalina.startup.VersionLoggerListener.log Server version name:   Apache Tomcat/11.0.0-M19
23-Apr-2024 20:15:18.816 資訊 [main] org.apache.catalina.startup.VersionLoggerListener.log Server built:          Apr 9 2024 12:06:10 UTC
23-Apr-2024 20:15:18.817 資訊 [main] org.apache.catalina.startup.VersionLoggerListener.log Server version number: 11.0.0.0
23-Apr-2024 20:15:18.818 資訊 [main] org.apache.catalina.startup.VersionLoggerListener.log OS Name:               Windows 10
23-Apr-2024 20:15:18.818 資訊 [main] org.apache.catalina.startup.VersionLoggerListener.log OS Version:            10.0
23-Apr-2024 20:15:18.819 資訊 [main] org.apache.catalina.startup.VersionLoggerListener.log Architecture:          amd64
23-Apr-2024 20:15:18.819 資訊 [main] org.apache.catalina.startup.VersionLoggerListener.log Java Home:             C:\Users\kevin\.jdks\corretto-21.0.3
23-Apr-2024 20:15:18.820 資訊 [main] org.apache.catalina.startup.VersionLoggerListener.log JVM Version:           21.0.3+9-LTS
23-Apr-2024 20:15:18.822 資訊 [main] org.apache.catalina.startup.VersionLoggerListener.log JVM Vendor:            Amazon.com Inc.
23-Apr-2024 20:15:18.822 資訊 [main] org.apache.catalina.startup.VersionLoggerListener.log CATALINA_BASE:         C:\Users\kevin\Documents\GitHub\comp4321\apache-tomcat-11.0.0-M19
23-Apr-2024 20:15:18.823 資訊 [main] org.apache.catalina.startup.VersionLoggerListener.log CATALINA_HOME:         C:\Users\kevin\Documents\GitHub\comp4321\apache-tomcat-11.0.0-M19
23-Apr-2024 20:15:18.844 資訊 [main] org.apache.catalina.startup.VersionLoggerListener.log Command line argument: -Djava.util.logging.config.file=C:\Users\kevin\Documents\GitHub\comp4321\apache-tomcat-11.0.0-M19\conf\logging.properties
23-Apr-2024 20:15:18.854 資訊 [main] org.apache.catalina.startup.VersionLoggerListener.log Command line argument: -Djava.util.logging.manager=org.apache.juli.ClassLoaderLogManager
23-Apr-2024 20:15:18.855 資訊 [main] org.apache.catalina.startup.VersionLoggerListener.log Command line argument: -Djdk.tls.ephemeralDHKeySize=2048
23-Apr-2024 20:15:18.861 資訊 [main] org.apache.catalina.startup.VersionLoggerListener.log Command line argument: --add-opens=java.base/java.lang=ALL-UNNAMED
23-Apr-2024 20:15:18.862 資訊 [main] org.apache.catalina.startup.VersionLoggerListener.log Command line argument: --add-opens=java.base/java.io=ALL-UNNAMED
23-Apr-2024 20:15:18.863 資訊 [main] org.apache.catalina.startup.VersionLoggerListener.log Command line argument: --add-opens=java.base/java.util=ALL-UNNAMED
23-Apr-2024 20:15:18.865 資訊 [main] org.apache.catalina.startup.VersionLoggerListener.log Command line argument: --add-opens=java.base/java.util.concurrent=ALL-UNNAMED
23-Apr-2024 20:15:18.868 資訊 [main] org.apache.catalina.startup.VersionLoggerListener.log Command line argument: --add-opens=java.rmi/sun.rmi.transport=ALL-UNNAMED
23-Apr-2024 20:15:18.886 資訊 [main] org.apache.catalina.startup.VersionLoggerListener.log Command line argument: --enable-native-access=ALL-UNNAMED
23-Apr-2024 20:15:18.891 資訊 [main] org.apache.catalina.startup.VersionLoggerListener.log Command line argument: -Dcatalina.base=C:\Users\kevin\Documents\GitHub\comp4321\apache-tomcat-11.0.0-M19
23-Apr-2024 20:15:18.895 資訊 [main] org.apache.catalina.startup.VersionLoggerListener.log Command line argument: -Dcatalina.home=C:\Users\kevin\Documents\GitHub\comp4321\apache-tomcat-11.0.0-M19
23-Apr-2024 20:15:18.897 資訊 [main] org.apache.catalina.startup.VersionLoggerListener.log Command line argument: -Djava.io.tmpdir=C:\Users\kevin\Documents\GitHub\comp4321\apache-tomcat-11.0.0-M19\temp
23-Apr-2024 20:15:18.945 資訊 [main] org.apache.catalina.core.AprLifecycleListener.lifecycleEvent The Apache Tomcat Native library which allows using OpenSSL was not found on the java.library.path: [C:\Users\kevin\.jdks\corretto-21.0.3\bin;C:\WINDOWS\Sun\Java\bin;C:\WINDOWS\system32;C:\WINDOWS;C:\Program Files\NVIDIA GPU Computing Toolkit\CUDA\v12.2\bin;C:\Program Files\NVIDIA GPU Computing Toolkit\CUDA\v12.2\libnvvp;;C:\Program Files\Common Files\Oracle\Java\javapath;C:\Program Files (x86)\Common Files\Oracle\Java\javapath;C:\Windows\system32;C:\Windows;C:\Windows\System32\Wbem;C:\Windows\System32\WindowsPowerShell\v1.0\;C:\Windows\System32\OpenSSH\;C:\Program Files (x86)\NVIDIA Corporation\PhysX\Common;C:\WINDOWS\system32;C:\WINDOWS;C:\WINDOWS\System32\Wbem;C:\WINDOWS\System32\WindowsPowerShell\v1.0\;C:\WINDOWS\System32\OpenSSH\;C:\Program Files\dotnet\;C:\Program Files\PuTTY\;C:\Program Files\Docker\Docker\resources\bin;C:\Program Files\Microsoft SQL Server\150\Tools\Binn\;C:\Program Files\nodejs\;C:\Program Files\CMake\bin;C:\Program Files\NVIDIA Corporation\Nsight Compute 2023.2.2\;C:\Program Files\NVIDIA Corporation\NVIDIA NvDLISR;C:\Program Files (x86)\Windows Kits\10\Windows Performance Toolkit\;C:\Users\kevin\AppData\Local\Microsoft\WindowsApps;C:\Users\kevin\AppData\Local\Programs\Git\cmd;C:\Users\kevin\AppData\Local\Programs\Microsoft VS Code\bin;C:\Users\kevin\AppData\Local\GitHubDesktop\bin;C:\Users\kevin\AppData\Roaming\npm;.]
23-Apr-2024 20:15:19.344 資訊 [main] org.apache.coyote.AbstractProtocol.init Initializing ProtocolHandler ["http-nio-8080"]
23-Apr-2024 20:15:19.389 資訊 [main] org.apache.catalina.startup.Catalina.load Server initialization in [877] milliseconds
23-Apr-2024 20:15:19.525 資訊 [main] org.apache.catalina.core.StandardService.startInternal Starting service [Catalina]
23-Apr-2024 20:15:19.532 資訊 [main] org.apache.catalina.core.StandardEngine.startInternal Starting Servlet engine: [Apache Tomcat/11.0.0-M19]
23-Apr-2024 20:15:19.565 資訊 [main] org.apache.catalina.startup.HostConfig.deployDirectory Deploying web application directory [C:\Users\kevin\Documents\GitHub\comp4321\apache-tomcat-11.0.0-M19\webapps\docs]
23-Apr-2024 20:15:20.136 資訊 [main] org.apache.catalina.startup.HostConfig.deployDirectory Deployment of web application directory [C:\Users\kevin\Documents\GitHub\comp4321\apache-tomcat-11.0.0-M19\webapps\docs] has finished in [571] ms
23-Apr-2024 20:15:20.146 資訊 [main] org.apache.catalina.startup.HostConfig.deployDirectory Deploying web application directory [C:\Users\kevin\Documents\GitHub\comp4321\apache-tomcat-11.0.0-M19\webapps\examples]
23-Apr-2024 20:15:20.876 資訊 [main] org.apache.catalina.startup.HostConfig.deployDirectory Deployment of web application directory [C:\Users\kevin\Documents\GitHub\comp4321\apache-tomcat-11.0.0-M19\webapps\examples] has finished in [731] ms
23-Apr-2024 20:15:20.880 資訊 [main] org.apache.catalina.startup.HostConfig.deployDirectory Deploying web application directory [C:\Users\kevin\Documents\GitHub\comp4321\apache-tomcat-11.0.0-M19\webapps\host-manager]
23-Apr-2024 20:15:20.953 資訊 [main] org.apache.catalina.startup.HostConfig.deployDirectory Deployment of web application directory [C:\Users\kevin\Documents\GitHub\comp4321\apache-tomcat-11.0.0-M19\webapps\host-manager] has finished in [72] ms
23-Apr-2024 20:15:20.960 資訊 [main] org.apache.catalina.startup.HostConfig.deployDirectory Deploying web application directory [C:\Users\kevin\Documents\GitHub\comp4321\apache-tomcat-11.0.0-M19\webapps\manager]
23-Apr-2024 20:15:21.018 資訊 [main] org.apache.catalina.startup.HostConfig.deployDirectory Deployment of web application directory [C:\Users\kevin\Documents\GitHub\comp4321\apache-tomcat-11.0.0-M19\webapps\manager] has finished in [59] ms
23-Apr-2024 20:15:21.021 資訊 [main] org.apache.catalina.startup.HostConfig.deployDirectory Deploying web application directory [C:\Users\kevin\Documents\GitHub\comp4321\apache-tomcat-11.0.0-M19\webapps\ROOT]
23-Apr-2024 20:15:21.067 資訊 [main] org.apache.catalina.startup.HostConfig.deployDirectory Deployment of web application directory [C:\Users\kevin\Documents\GitHub\comp4321\apache-tomcat-11.0.0-M19\webapps\ROOT] has finished in [46] ms
23-Apr-2024 20:15:21.075 資訊 [main] org.apache.coyote.AbstractProtocol.start Starting ProtocolHandler ["http-nio-8080"]
23-Apr-2024 20:15:21.115 資訊 [main] org.apache.catalina.startup.Catalina.start Server startup in [1719] milliseconds
23-Apr-2024 20:16:44.136 資訊 [main] org.apache.catalina.startup.VersionLoggerListener.log Server version name:   Apache Tomcat/11.0.0-M19
23-Apr-2024 20:16:44.144 資訊 [main] org.apache.catalina.startup.VersionLoggerListener.log Server built:          Apr 9 2024 12:06:10 UTC
23-Apr-2024 20:16:44.144 資訊 [main] org.apache.catalina.startup.VersionLoggerListener.log Server version number: 11.0.0.0
23-Apr-2024 20:16:44.145 資訊 [main] org.apache.catalina.startup.VersionLoggerListener.log OS Name:               Windows 10
23-Apr-2024 20:16:44.145 資訊 [main] org.apache.catalina.startup.VersionLoggerListener.log OS Version:            10.0
23-Apr-2024 20:16:44.146 資訊 [main] org.apache.catalina.startup.VersionLoggerListener.log Architecture:          amd64
23-Apr-2024 20:16:44.146 資訊 [main] org.apache.catalina.startup.VersionLoggerListener.log Java Home:             C:\Users\kevin\.jdks\corretto-21.0.3
23-Apr-2024 20:16:44.146 資訊 [main] org.apache.catalina.startup.VersionLoggerListener.log JVM Version:           21.0.3+9-LTS
23-Apr-2024 20:16:44.147 資訊 [main] org.apache.catalina.startup.VersionLoggerListener.log JVM Vendor:            Amazon.com Inc.
23-Apr-2024 20:16:44.147 資訊 [main] org.apache.catalina.startup.VersionLoggerListener.log CATALINA_BASE:         C:\Users\kevin\Documents\GitHub\comp4321\apache-tomcat-11.0.0-M19
23-Apr-2024 20:16:44.147 資訊 [main] org.apache.catalina.startup.VersionLoggerListener.log CATALINA_HOME:         C:\Users\kevin\Documents\GitHub\comp4321\apache-tomcat-11.0.0-M19
23-Apr-2024 20:16:44.171 資訊 [main] org.apache.catalina.startup.VersionLoggerListener.log Command line argument: -Djava.util.logging.config.file=C:\Users\kevin\Documents\GitHub\comp4321\apache-tomcat-11.0.0-M19\conf\logging.properties
23-Apr-2024 20:16:44.179 資訊 [main] org.apache.catalina.startup.VersionLoggerListener.log Command line argument: -Djava.util.logging.manager=org.apache.juli.ClassLoaderLogManager
23-Apr-2024 20:16:44.181 資訊 [main] org.apache.catalina.startup.VersionLoggerListener.log Command line argument: -Djdk.tls.ephemeralDHKeySize=2048
23-Apr-2024 20:16:44.183 資訊 [main] org.apache.catalina.startup.VersionLoggerListener.log Command line argument: --add-opens=java.base/java.lang=ALL-UNNAMED
23-Apr-2024 20:16:44.186 資訊 [main] org.apache.catalina.startup.VersionLoggerListener.log Command line argument: --add-opens=java.base/java.io=ALL-UNNAMED
23-Apr-2024 20:16:44.187 資訊 [main] org.apache.catalina.startup.VersionLoggerListener.log Command line argument: --add-opens=java.base/java.util=ALL-UNNAMED
23-Apr-2024 20:16:44.189 資訊 [main] org.apache.catalina.startup.VersionLoggerListener.log Command line argument: --add-opens=java.base/java.util.concurrent=ALL-UNNAMED
23-Apr-2024 20:16:44.190 資訊 [main] org.apache.catalina.startup.VersionLoggerListener.log Command line argument: --add-opens=java.rmi/sun.rmi.transport=ALL-UNNAMED
23-Apr-2024 20:16:44.204 資訊 [main] org.apache.catalina.startup.VersionLoggerListener.log Command line argument: --enable-native-access=ALL-UNNAMED
23-Apr-2024 20:16:44.206 資訊 [main] org.apache.catalina.startup.VersionLoggerListener.log Command line argument: -Dcatalina.base=C:\Users\kevin\Documents\GitHub\comp4321\apache-tomcat-11.0.0-M19
23-Apr-2024 20:16:44.208 資訊 [main] org.apache.catalina.startup.VersionLoggerListener.log Command line argument: -Dcatalina.home=C:\Users\kevin\Documents\GitHub\comp4321\apache-tomcat-11.0.0-M19
23-Apr-2024 20:16:44.210 資訊 [main] org.apache.catalina.startup.VersionLoggerListener.log Command line argument: -Djava.io.tmpdir=C:\Users\kevin\Documents\GitHub\comp4321\apache-tomcat-11.0.0-M19\temp
23-Apr-2024 20:16:44.238 資訊 [main] org.apache.catalina.core.AprLifecycleListener.lifecycleEvent The Apache Tomcat Native library which allows using OpenSSL was not found on the java.library.path: [C:\Users\kevin\.jdks\corretto-21.0.3\bin;C:\WINDOWS\Sun\Java\bin;C:\WINDOWS\system32;C:\WINDOWS;C:\Program Files\NVIDIA GPU Computing Toolkit\CUDA\v12.2\bin;C:\Program Files\NVIDIA GPU Computing Toolkit\CUDA\v12.2\libnvvp;;C:\Program Files\Common Files\Oracle\Java\javapath;C:\Program Files (x86)\Common Files\Oracle\Java\javapath;C:\Windows\system32;C:\Windows;C:\Windows\System32\Wbem;C:\Windows\System32\WindowsPowerShell\v1.0\;C:\Windows\System32\OpenSSH\;C:\Program Files (x86)\NVIDIA Corporation\PhysX\Common;C:\WINDOWS\system32;C:\WINDOWS;C:\WINDOWS\System32\Wbem;C:\WINDOWS\System32\WindowsPowerShell\v1.0\;C:\WINDOWS\System32\OpenSSH\;C:\Program Files\dotnet\;C:\Program Files\PuTTY\;C:\Program Files\Docker\Docker\resources\bin;C:\Program Files\Microsoft SQL Server\150\Tools\Binn\;C:\Program Files\nodejs\;C:\Program Files\CMake\bin;C:\Program Files\NVIDIA Corporation\Nsight Compute 2023.2.2\;C:\Program Files\NVIDIA Corporation\NVIDIA NvDLISR;C:\Program Files (x86)\Windows Kits\10\Windows Performance Toolkit\;C:\Users\kevin\AppData\Local\Microsoft\WindowsApps;C:\Users\kevin\AppData\Local\Programs\Git\cmd;C:\Users\kevin\AppData\Local\Programs\Microsoft VS Code\bin;C:\Users\kevin\AppData\Local\GitHubDesktop\bin;C:\Users\kevin\AppData\Roaming\npm;.]
23-Apr-2024 20:16:44.602 資訊 [main] org.apache.coyote.AbstractProtocol.init Initializing ProtocolHandler ["http-nio-8080"]
23-Apr-2024 20:16:44.641 資訊 [main] org.apache.catalina.startup.Catalina.load Server initialization in [798] milliseconds
23-Apr-2024 20:16:44.715 資訊 [main] org.apache.catalina.core.StandardService.startInternal Starting service [Catalina]
23-Apr-2024 20:16:44.719 資訊 [main] org.apache.catalina.core.StandardEngine.startInternal Starting Servlet engine: [Apache Tomcat/11.0.0-M19]
23-Apr-2024 20:16:44.742 資訊 [main] org.apache.catalina.startup.HostConfig.deployDirectory Deploying web application directory [C:\Users\kevin\Documents\GitHub\comp4321\apache-tomcat-11.0.0-M19\webapps\comp4321]
23-Apr-2024 20:16:45.144 資訊 [main] org.apache.catalina.startup.HostConfig.deployDirectory Deployment of web application directory [C:\Users\kevin\Documents\GitHub\comp4321\apache-tomcat-11.0.0-M19\webapps\comp4321] has finished in [403] ms
23-Apr-2024 20:16:45.145 資訊 [main] org.apache.catalina.startup.HostConfig.deployDirectory Deploying web application directory [C:\Users\kevin\Documents\GitHub\comp4321\apache-tomcat-11.0.0-M19\webapps\docs]
23-Apr-2024 20:16:45.211 資訊 [main] org.apache.catalina.startup.HostConfig.deployDirectory Deployment of web application directory [C:\Users\kevin\Documents\GitHub\comp4321\apache-tomcat-11.0.0-M19\webapps\docs] has finished in [65] ms
23-Apr-2024 20:16:45.214 資訊 [main] org.apache.catalina.startup.HostConfig.deployDirectory Deploying web application directory [C:\Users\kevin\Documents\GitHub\comp4321\apache-tomcat-11.0.0-M19\webapps\examples]
23-Apr-2024 20:16:45.864 資訊 [main] org.apache.catalina.startup.HostConfig.deployDirectory Deployment of web application directory [C:\Users\kevin\Documents\GitHub\comp4321\apache-tomcat-11.0.0-M19\webapps\examples] has finished in [649] ms
23-Apr-2024 20:16:45.869 資訊 [main] org.apache.catalina.startup.HostConfig.deployDirectory Deploying web application directory [C:\Users\kevin\Documents\GitHub\comp4321\apache-tomcat-11.0.0-M19\webapps\host-manager]
23-Apr-2024 20:16:45.935 資訊 [main] org.apache.catalina.startup.HostConfig.deployDirectory Deployment of web application directory [C:\Users\kevin\Documents\GitHub\comp4321\apache-tomcat-11.0.0-M19\webapps\host-manager] has finished in [66] ms
23-Apr-2024 20:16:45.939 資訊 [main] org.apache.catalina.startup.HostConfig.deployDirectory Deploying web application directory [C:\Users\kevin\Documents\GitHub\comp4321\apache-tomcat-11.0.0-M19\webapps\manager]
23-Apr-2024 20:16:46.000 資訊 [main] org.apache.catalina.startup.HostConfig.deployDirectory Deployment of web application directory [C:\Users\kevin\Documents\GitHub\comp4321\apache-tomcat-11.0.0-M19\webapps\manager] has finished in [60] ms
23-Apr-2024 20:16:46.003 資訊 [main] org.apache.catalina.startup.HostConfig.deployDirectory Deploying web application directory [C:\Users\kevin\Documents\GitHub\comp4321\apache-tomcat-11.0.0-M19\webapps\ROOT]
23-Apr-2024 20:16:46.050 資訊 [main] org.apache.catalina.startup.HostConfig.deployDirectory Deployment of web application directory [C:\Users\kevin\Documents\GitHub\comp4321\apache-tomcat-11.0.0-M19\webapps\ROOT] has finished in [46] ms
23-Apr-2024 20:16:46.062 資訊 [main] org.apache.coyote.AbstractProtocol.start Starting ProtocolHandler ["http-nio-8080"]
23-Apr-2024 20:16:46.095 資訊 [main] org.apache.catalina.startup.Catalina.start Server startup in [1448] milliseconds
23-Apr-2024 20:33:16.185 資訊 [main] org.apache.catalina.startup.VersionLoggerListener.log Server version name:   Apache Tomcat/11.0.0-M19
23-Apr-2024 20:33:16.211 資訊 [main] org.apache.catalina.startup.VersionLoggerListener.log Server built:          Apr 9 2024 12:06:10 UTC
23-Apr-2024 20:33:16.213 資訊 [main] org.apache.catalina.startup.VersionLoggerListener.log Server version number: 11.0.0.0
23-Apr-2024 20:33:16.214 資訊 [main] org.apache.catalina.startup.VersionLoggerListener.log OS Name:               Windows 10
23-Apr-2024 20:33:16.215 資訊 [main] org.apache.catalina.startup.VersionLoggerListener.log OS Version:            10.0
23-Apr-2024 20:33:16.216 資訊 [main] org.apache.catalina.startup.VersionLoggerListener.log Architecture:          amd64
23-Apr-2024 20:33:16.217 資訊 [main] org.apache.catalina.startup.VersionLoggerListener.log Java Home:             C:\Users\kevin\.jdks\corretto-21.0.3
23-Apr-2024 20:33:16.218 資訊 [main] org.apache.catalina.startup.VersionLoggerListener.log JVM Version:           21.0.3+9-LTS
23-Apr-2024 20:33:16.219 資訊 [main] org.apache.catalina.startup.VersionLoggerListener.log JVM Vendor:            Amazon.com Inc.
23-Apr-2024 20:33:16.220 資訊 [main] org.apache.catalina.startup.VersionLoggerListener.log CATALINA_BASE:         C:\Users\kevin\Documents\GitHub\comp4321\apache-tomcat-11.0.0-M19
23-Apr-2024 20:33:16.221 資訊 [main] org.apache.catalina.startup.VersionLoggerListener.log CATALINA_HOME:         C:\Users\kevin\Documents\GitHub\comp4321\apache-tomcat-11.0.0-M19
23-Apr-2024 20:33:16.311 資訊 [main] org.apache.catalina.startup.VersionLoggerListener.log Command line argument: -Djava.util.logging.config.file=C:\Users\kevin\Documents\GitHub\comp4321\apache-tomcat-11.0.0-M19\conf\logging.properties
23-Apr-2024 20:33:16.320 資訊 [main] org.apache.catalina.startup.VersionLoggerListener.log Command line argument: -Djava.util.logging.manager=org.apache.juli.ClassLoaderLogManager
23-Apr-2024 20:33:16.329 資訊 [main] org.apache.catalina.startup.VersionLoggerListener.log Command line argument: -Djdk.tls.ephemeralDHKeySize=2048
23-Apr-2024 20:33:16.332 資訊 [main] org.apache.catalina.startup.VersionLoggerListener.log Command line argument: --add-opens=java.base/java.lang=ALL-UNNAMED
23-Apr-2024 20:33:16.336 資訊 [main] org.apache.catalina.startup.VersionLoggerListener.log Command line argument: --add-opens=java.base/java.io=ALL-UNNAMED
23-Apr-2024 20:33:16.363 資訊 [main] org.apache.catalina.startup.VersionLoggerListener.log Command line argument: --add-opens=java.base/java.util=ALL-UNNAMED
23-Apr-2024 20:33:16.367 資訊 [main] org.apache.catalina.startup.VersionLoggerListener.log Command line argument: --add-opens=java.base/java.util.concurrent=ALL-UNNAMED
23-Apr-2024 20:33:16.453 資訊 [main] org.apache.catalina.startup.VersionLoggerListener.log Command line argument: --add-opens=java.rmi/sun.rmi.transport=ALL-UNNAMED
23-Apr-2024 20:33:16.471 資訊 [main] org.apache.catalina.startup.VersionLoggerListener.log Command line argument: --enable-native-access=ALL-UNNAMED
23-Apr-2024 20:33:16.550 資訊 [main] org.apache.catalina.startup.VersionLoggerListener.log Command line argument: -Dcatalina.base=C:\Users\kevin\Documents\GitHub\comp4321\apache-tomcat-11.0.0-M19
23-Apr-2024 20:33:16.597 資訊 [main] org.apache.catalina.startup.VersionLoggerListener.log Command line argument: -Dcatalina.home=C:\Users\kevin\Documents\GitHub\comp4321\apache-tomcat-11.0.0-M19
23-Apr-2024 20:33:16.656 資訊 [main] org.apache.catalina.startup.VersionLoggerListener.log Command line argument: -Djava.io.tmpdir=C:\Users\kevin\Documents\GitHub\comp4321\apache-tomcat-11.0.0-M19\temp
23-Apr-2024 20:33:16.801 資訊 [main] org.apache.catalina.core.AprLifecycleListener.lifecycleEvent The Apache Tomcat Native library which allows using OpenSSL was not found on the java.library.path: [C:\Users\kevin\.jdks\corretto-21.0.3\bin;C:\WINDOWS\Sun\Java\bin;C:\WINDOWS\system32;C:\WINDOWS;C:\Program Files\NVIDIA GPU Computing Toolkit\CUDA\v12.2\bin;C:\Program Files\NVIDIA GPU Computing Toolkit\CUDA\v12.2\libnvvp;;C:\Program Files\Common Files\Oracle\Java\javapath;C:\Program Files (x86)\Common Files\Oracle\Java\javapath;C:\Windows\system32;C:\Windows;C:\Windows\System32\Wbem;C:\Windows\System32\WindowsPowerShell\v1.0\;C:\Windows\System32\OpenSSH\;C:\Program Files (x86)\NVIDIA Corporation\PhysX\Common;C:\WINDOWS\system32;C:\WINDOWS;C:\WINDOWS\System32\Wbem;C:\WINDOWS\System32\WindowsPowerShell\v1.0\;C:\WINDOWS\System32\OpenSSH\;C:\Program Files\dotnet\;C:\Program Files\PuTTY\;C:\Program Files\Docker\Docker\resources\bin;C:\Program Files\Microsoft SQL Server\150\Tools\Binn\;C:\Program Files\nodejs\;C:\Program Files\CMake\bin;C:\Program Files\NVIDIA Corporation\Nsight Compute 2023.2.2\;C:\Program Files\NVIDIA Corporation\NVIDIA NvDLISR;C:\Program Files (x86)\Windows Kits\10\Windows Performance Toolkit\;C:\Users\kevin\AppData\Local\Microsoft\WindowsApps;C:\Users\kevin\AppData\Local\Programs\Git\cmd;C:\Users\kevin\AppData\Local\Programs\Microsoft VS Code\bin;C:\Users\kevin\AppData\Local\GitHubDesktop\bin;C:\Users\kevin\AppData\Roaming\npm;.]
23-Apr-2024 20:33:18.425 資訊 [main] org.apache.coyote.AbstractProtocol.init Initializing ProtocolHandler ["http-nio-8080"]
23-Apr-2024 20:33:18.579 資訊 [main] org.apache.catalina.startup.Catalina.load Server initialization in [3412] milliseconds
23-Apr-2024 20:33:18.792 資訊 [main] org.apache.catalina.core.StandardService.startInternal Starting service [Catalina]
23-Apr-2024 20:33:18.814 資訊 [main] org.apache.catalina.core.StandardEngine.startInternal Starting Servlet engine: [Apache Tomcat/11.0.0-M19]
23-Apr-2024 20:33:18.875 資訊 [main] org.apache.catalina.startup.HostConfig.deployDirectory Deploying web application directory [C:\Users\kevin\Documents\GitHub\comp4321\apache-tomcat-11.0.0-M19\webapps\comp4321]
23-Apr-2024 20:33:20.435 資訊 [main] org.apache.catalina.startup.HostConfig.deployDirectory Deployment of web application directory [C:\Users\kevin\Documents\GitHub\comp4321\apache-tomcat-11.0.0-M19\webapps\comp4321] has finished in [1,558] ms
23-Apr-2024 20:33:20.453 資訊 [main] org.apache.catalina.startup.HostConfig.deployDirectory Deploying web application directory [C:\Users\kevin\Documents\GitHub\comp4321\apache-tomcat-11.0.0-M19\webapps\docs]
23-Apr-2024 20:33:20.662 資訊 [main] org.apache.catalina.startup.HostConfig.deployDirectory Deployment of web application directory [C:\Users\kevin\Documents\GitHub\comp4321\apache-tomcat-11.0.0-M19\webapps\docs] has finished in [208] ms
23-Apr-2024 20:33:20.671 資訊 [main] org.apache.catalina.startup.HostConfig.deployDirectory Deploying web application directory [C:\Users\kevin\Documents\GitHub\comp4321\apache-tomcat-11.0.0-M19\webapps\examples]
23-Apr-2024 20:33:23.412 資訊 [main] org.apache.catalina.startup.HostConfig.deployDirectory Deployment of web application directory [C:\Users\kevin\Documents\GitHub\comp4321\apache-tomcat-11.0.0-M19\webapps\examples] has finished in [2,740] ms
23-Apr-2024 20:33:23.424 資訊 [main] org.apache.catalina.startup.HostConfig.deployDirectory Deploying web application directory [C:\Users\kevin\Documents\GitHub\comp4321\apache-tomcat-11.0.0-M19\webapps\host-manager]
23-Apr-2024 20:33:23.645 資訊 [main] org.apache.catalina.startup.HostConfig.deployDirectory Deployment of web application directory [C:\Users\kevin\Documents\GitHub\comp4321\apache-tomcat-11.0.0-M19\webapps\host-manager] has finished in [222] ms
23-Apr-2024 20:33:23.656 資訊 [main] org.apache.catalina.startup.HostConfig.deployDirectory Deploying web application directory [C:\Users\kevin\Documents\GitHub\comp4321\apache-tomcat-11.0.0-M19\webapps\manager]
23-Apr-2024 20:33:23.808 資訊 [main] org.apache.catalina.startup.HostConfig.deployDirectory Deployment of web application directory [C:\Users\kevin\Documents\GitHub\comp4321\apache-tomcat-11.0.0-M19\webapps\manager] has finished in [151] ms
23-Apr-2024 20:33:23.823 資訊 [main] org.apache.catalina.startup.HostConfig.deployDirectory Deploying web application directory [C:\Users\kevin\Documents\GitHub\comp4321\apache-tomcat-11.0.0-M19\webapps\ROOT]
23-Apr-2024 20:33:23.962 資訊 [main] org.apache.catalina.startup.HostConfig.deployDirectory Deployment of web application directory [C:\Users\kevin\Documents\GitHub\comp4321\apache-tomcat-11.0.0-M19\webapps\ROOT] has finished in [138] ms
23-Apr-2024 20:33:23.992 資訊 [main] org.apache.coyote.AbstractProtocol.start Starting ProtocolHandler ["http-nio-8080"]
23-Apr-2024 20:33:24.086 資訊 [main] org.apache.catalina.startup.Catalina.start Server startup in [5495] milliseconds
