24-Apr-2024 15:15:12.862 資訊 [main] org.apache.catalina.core.ApplicationContext.log ContextListener: contextInitialized()
24-Apr-2024 15:15:12.863 資訊 [main] org.apache.catalina.core.ApplicationContext.log SessionListener: contextInitialized()
24-Apr-2024 15:15:12.866 資訊 [main] org.apache.catalina.core.ApplicationContext.log ContextListener: attributeAdded('StockTicker', 'async.Stockticker@3faf2e7d')
24-Apr-2024 15:17:05.534 資訊 [main] org.apache.catalina.core.ApplicationContext.log ContextListener: contextInitialized()
24-Apr-2024 15:17:05.534 資訊 [main] org.apache.catalina.core.ApplicationContext.log SessionListener: contextInitialized()
24-Apr-2024 15:17:05.539 資訊 [main] org.apache.catalina.core.ApplicationContext.log ContextListener: attributeAdded('StockTicker', 'async.Stockticker@61526469')
24-Apr-2024 15:17:13.863 嚴重 [http-nio-8080-exec-2] org.apache.catalina.core.StandardWrapperValve.invoke Servlet.service() for servlet [jsp] in context with path [/comp4321] threw exception [Unable to compile class for JSP: 

An error occurred at line: [14] in the generated java file: [C:\Users\kevin\Documents\GitHub\comp4321\apache-tomcat-11.0.0-M19\work\Catalina\localhost\comp4321\org\apache\jsp\comp4321_jsp.java]
Only a type can be imported. myPackage.SearchEngine resolves to a package

Stacktrace:] with root cause
	org.apache.jasper.JasperException: Unable to compile class for JSP: 

An error occurred at line: [14] in the generated java file: [C:\Users\kevin\Documents\GitHub\comp4321\apache-tomcat-11.0.0-M19\work\Catalina\localhost\comp4321\org\apache\jsp\comp4321_jsp.java]
Only a type can be imported. myPackage.SearchEngine resolves to a package

Stacktrace:
		at org.apache.jasper.compiler.DefaultErrorHandler.javacError(DefaultErrorHandler.java:102)
		at org.apache.jasper.compiler.ErrorDispatcher.javacError(ErrorDispatcher.java:214)
		at org.apache.jasper.compiler.JDTCompiler.generateClass(JDTCompiler.java:512)
		at org.apache.jasper.compiler.Compiler.compile(Compiler.java:402)
		at org.apache.jasper.compiler.Compiler.compile(Compiler.java:372)
		at org.apache.jasper.compiler.Compiler.compile(Compiler.java:356)
		at org.apache.jasper.JspCompilationContext.compile(JspCompilationContext.java:602)
		at org.apache.jasper.servlet.JspServletWrapper.service(JspServletWrapper.java:396)
		at org.apache.jasper.servlet.JspServlet.serviceJspFile(JspServlet.java:357)
		at org.apache.jasper.servlet.JspServlet.service(JspServlet.java:305)
		at jakarta.servlet.http.HttpServlet.service(HttpServlet.java:716)
		at org.apache.catalina.core.ApplicationFilterChain.doFilter(ApplicationFilterChain.java:131)
		at org.apache.tomcat.websocket.server.WsFilter.doFilter(WsFilter.java:51)
		at org.apache.catalina.core.ApplicationFilterChain.doFilter(ApplicationFilterChain.java:110)
		at org.apache.catalina.core.StandardWrapperValve.invoke(StandardWrapperValve.java:167)
		at org.apache.catalina.core.StandardContextValve.invoke(StandardContextValve.java:90)
		at org.apache.catalina.authenticator.AuthenticatorBase.invoke(AuthenticatorBase.java:482)
		at org.apache.catalina.core.StandardHostValve.invoke(StandardHostValve.java:115)
		at org.apache.catalina.valves.ErrorReportValve.invoke(ErrorReportValve.java:93)
		at org.apache.catalina.valves.AbstractAccessLogValve.invoke(AbstractAccessLogValve.java:673)
		at org.apache.catalina.core.StandardEngineValve.invoke(StandardEngineValve.java:74)
		at org.apache.catalina.connector.CoyoteAdapter.service(CoyoteAdapter.java:342)
		at org.apache.coyote.http11.Http11Processor.service(Http11Processor.java:389)
		at org.apache.coyote.AbstractProcessorLight.process(AbstractProcessorLight.java:63)
		at org.apache.coyote.AbstractProtocol$ConnectionHandler.process(AbstractProtocol.java:896)
		at org.apache.tomcat.util.net.NioEndpoint$SocketProcessor.doRun(NioEndpoint.java:1741)
		at org.apache.tomcat.util.net.SocketProcessorBase.run(SocketProcessorBase.java:52)
		at org.apache.tomcat.util.threads.ThreadPoolExecutor.runWorker(ThreadPoolExecutor.java:1149)
		at org.apache.tomcat.util.threads.ThreadPoolExecutor$Worker.run(ThreadPoolExecutor.java:636)
		at org.apache.tomcat.util.threads.TaskThread$WrappingRunnable.run(TaskThread.java:63)
		at java.base/java.lang.Thread.run(Thread.java:1583)
24-Apr-2024 15:19:43.704 資訊 [main] org.apache.catalina.core.ApplicationContext.log ContextListener: contextInitialized()
24-Apr-2024 15:19:43.704 資訊 [main] org.apache.catalina.core.ApplicationContext.log SessionListener: contextInitialized()
24-Apr-2024 15:19:43.707 資訊 [main] org.apache.catalina.core.ApplicationContext.log ContextListener: attributeAdded('StockTicker', 'async.Stockticker@3faf2e7d')
24-Apr-2024 15:19:51.815 嚴重 [http-nio-8080-exec-2] org.apache.catalina.core.StandardWrapperValve.invoke Servlet.service() for servlet [jsp] in context with path [/comp4321] threw exception [Unable to compile class for JSP: 

An error occurred at line: [14] in the generated java file: [C:\Users\kevin\Documents\GitHub\comp4321\apache-tomcat-11.0.0-M19\work\Catalina\localhost\comp4321\org\apache\jsp\comp4321_jsp.java]
Only a type can be imported. myPackage.SearchEngine resolves to a package

Stacktrace:] with root cause
	org.apache.jasper.JasperException: Unable to compile class for JSP: 

An error occurred at line: [14] in the generated java file: [C:\Users\kevin\Documents\GitHub\comp4321\apache-tomcat-11.0.0-M19\work\Catalina\localhost\comp4321\org\apache\jsp\comp4321_jsp.java]
Only a type can be imported. myPackage.SearchEngine resolves to a package

Stacktrace:
		at org.apache.jasper.compiler.DefaultErrorHandler.javacError(DefaultErrorHandler.java:102)
		at org.apache.jasper.compiler.ErrorDispatcher.javacError(ErrorDispatcher.java:214)
		at org.apache.jasper.compiler.JDTCompiler.generateClass(JDTCompiler.java:512)
		at org.apache.jasper.compiler.Compiler.compile(Compiler.java:402)
		at org.apache.jasper.compiler.Compiler.compile(Compiler.java:372)
		at org.apache.jasper.compiler.Compiler.compile(Compiler.java:356)
		at org.apache.jasper.JspCompilationContext.compile(JspCompilationContext.java:602)
		at org.apache.jasper.servlet.JspServletWrapper.service(JspServletWrapper.java:396)
		at org.apache.jasper.servlet.JspServlet.serviceJspFile(JspServlet.java:357)
		at org.apache.jasper.servlet.JspServlet.service(JspServlet.java:305)
		at jakarta.servlet.http.HttpServlet.service(HttpServlet.java:716)
		at org.apache.catalina.core.ApplicationFilterChain.doFilter(ApplicationFilterChain.java:131)
		at org.apache.tomcat.websocket.server.WsFilter.doFilter(WsFilter.java:51)
		at org.apache.catalina.core.ApplicationFilterChain.doFilter(ApplicationFilterChain.java:110)
		at org.apache.catalina.core.StandardWrapperValve.invoke(StandardWrapperValve.java:167)
		at org.apache.catalina.core.StandardContextValve.invoke(StandardContextValve.java:90)
		at org.apache.catalina.authenticator.AuthenticatorBase.invoke(AuthenticatorBase.java:482)
		at org.apache.catalina.core.StandardHostValve.invoke(StandardHostValve.java:115)
		at org.apache.catalina.valves.ErrorReportValve.invoke(ErrorReportValve.java:93)
		at org.apache.catalina.valves.AbstractAccessLogValve.invoke(AbstractAccessLogValve.java:673)
		at org.apache.catalina.core.StandardEngineValve.invoke(StandardEngineValve.java:74)
		at org.apache.catalina.connector.CoyoteAdapter.service(CoyoteAdapter.java:342)
		at org.apache.coyote.http11.Http11Processor.service(Http11Processor.java:389)
		at org.apache.coyote.AbstractProcessorLight.process(AbstractProcessorLight.java:63)
		at org.apache.coyote.AbstractProtocol$ConnectionHandler.process(AbstractProtocol.java:896)
		at org.apache.tomcat.util.net.NioEndpoint$SocketProcessor.doRun(NioEndpoint.java:1741)
		at org.apache.tomcat.util.net.SocketProcessorBase.run(SocketProcessorBase.java:52)
		at org.apache.tomcat.util.threads.ThreadPoolExecutor.runWorker(ThreadPoolExecutor.java:1149)
		at org.apache.tomcat.util.threads.ThreadPoolExecutor$Worker.run(ThreadPoolExecutor.java:636)
		at org.apache.tomcat.util.threads.TaskThread$WrappingRunnable.run(TaskThread.java:63)
		at java.base/java.lang.Thread.run(Thread.java:1583)
24-Apr-2024 15:20:58.473 資訊 [main] org.apache.catalina.core.ApplicationContext.log ContextListener: contextInitialized()
24-Apr-2024 15:20:58.473 資訊 [main] org.apache.catalina.core.ApplicationContext.log SessionListener: contextInitialized()
24-Apr-2024 15:20:58.476 資訊 [main] org.apache.catalina.core.ApplicationContext.log ContextListener: attributeAdded('StockTicker', 'async.Stockticker@5b58ed3c')
24-Apr-2024 15:21:15.184 資訊 [main] org.apache.catalina.core.ApplicationContext.log ContextListener: contextInitialized()
24-Apr-2024 15:21:15.184 資訊 [main] org.apache.catalina.core.ApplicationContext.log SessionListener: contextInitialized()
24-Apr-2024 15:21:15.191 資訊 [main] org.apache.catalina.core.ApplicationContext.log ContextListener: attributeAdded('StockTicker', 'async.Stockticker@6326d182')
24-Apr-2024 15:21:24.544 嚴重 [http-nio-8080-exec-3] org.apache.catalina.core.StandardWrapperValve.invoke Servlet.service() for servlet [jsp] in context with path [/comp4321] threw exception [Unable to compile class for JSP: 

An error occurred at line: [14] in the generated java file: [C:\Users\kevin\Documents\GitHub\comp4321\apache-tomcat-11.0.0-M19\work\Catalina\localhost\comp4321\org\apache\jsp\comp4321_jsp.java]
Only a type can be imported. myPackage.SearchEngine resolves to a package

Stacktrace:] with root cause
	org.apache.jasper.JasperException: Unable to compile class for JSP: 

An error occurred at line: [14] in the generated java file: [C:\Users\kevin\Documents\GitHub\comp4321\apache-tomcat-11.0.0-M19\work\Catalina\localhost\comp4321\org\apache\jsp\comp4321_jsp.java]
Only a type can be imported. myPackage.SearchEngine resolves to a package

Stacktrace:
		at org.apache.jasper.compiler.DefaultErrorHandler.javacError(DefaultErrorHandler.java:102)
		at org.apache.jasper.compiler.ErrorDispatcher.javacError(ErrorDispatcher.java:214)
		at org.apache.jasper.compiler.JDTCompiler.generateClass(JDTCompiler.java:512)
		at org.apache.jasper.compiler.Compiler.compile(Compiler.java:402)
		at org.apache.jasper.compiler.Compiler.compile(Compiler.java:372)
		at org.apache.jasper.compiler.Compiler.compile(Compiler.java:356)
		at org.apache.jasper.JspCompilationContext.compile(JspCompilationContext.java:602)
		at org.apache.jasper.servlet.JspServletWrapper.service(JspServletWrapper.java:396)
		at org.apache.jasper.servlet.JspServlet.serviceJspFile(JspServlet.java:357)
		at org.apache.jasper.servlet.JspServlet.service(JspServlet.java:305)
		at jakarta.servlet.http.HttpServlet.service(HttpServlet.java:716)
		at org.apache.catalina.core.ApplicationFilterChain.doFilter(ApplicationFilterChain.java:131)
		at org.apache.tomcat.websocket.server.WsFilter.doFilter(WsFilter.java:51)
		at org.apache.catalina.core.ApplicationFilterChain.doFilter(ApplicationFilterChain.java:110)
		at org.apache.catalina.core.StandardWrapperValve.invoke(StandardWrapperValve.java:167)
		at org.apache.catalina.core.StandardContextValve.invoke(StandardContextValve.java:90)
		at org.apache.catalina.authenticator.AuthenticatorBase.invoke(AuthenticatorBase.java:482)
		at org.apache.catalina.core.StandardHostValve.invoke(StandardHostValve.java:115)
		at org.apache.catalina.valves.ErrorReportValve.invoke(ErrorReportValve.java:93)
		at org.apache.catalina.valves.AbstractAccessLogValve.invoke(AbstractAccessLogValve.java:673)
		at org.apache.catalina.core.StandardEngineValve.invoke(StandardEngineValve.java:74)
		at org.apache.catalina.connector.CoyoteAdapter.service(CoyoteAdapter.java:342)
		at org.apache.coyote.http11.Http11Processor.service(Http11Processor.java:389)
		at org.apache.coyote.AbstractProcessorLight.process(AbstractProcessorLight.java:63)
		at org.apache.coyote.AbstractProtocol$ConnectionHandler.process(AbstractProtocol.java:896)
		at org.apache.tomcat.util.net.NioEndpoint$SocketProcessor.doRun(NioEndpoint.java:1741)
		at org.apache.tomcat.util.net.SocketProcessorBase.run(SocketProcessorBase.java:52)
		at org.apache.tomcat.util.threads.ThreadPoolExecutor.runWorker(ThreadPoolExecutor.java:1149)
		at org.apache.tomcat.util.threads.ThreadPoolExecutor$Worker.run(ThreadPoolExecutor.java:636)
		at org.apache.tomcat.util.threads.TaskThread$WrappingRunnable.run(TaskThread.java:63)
		at java.base/java.lang.Thread.run(Thread.java:1583)
24-Apr-2024 15:24:17.423 資訊 [main] org.apache.catalina.core.ApplicationContext.log ContextListener: contextInitialized()
24-Apr-2024 15:24:17.423 資訊 [main] org.apache.catalina.core.ApplicationContext.log SessionListener: contextInitialized()
24-Apr-2024 15:24:17.428 資訊 [main] org.apache.catalina.core.ApplicationContext.log ContextListener: attributeAdded('StockTicker', 'async.Stockticker@7383eae2')
24-Apr-2024 15:24:17.694 資訊 [main] org.apache.catalina.core.ApplicationContext.log SessionListener: contextDestroyed()
24-Apr-2024 15:24:17.694 資訊 [main] org.apache.catalina.core.ApplicationContext.log ContextListener: contextDestroyed()
24-Apr-2024 15:24:24.679 嚴重 [http-nio-8080-exec-5] org.apache.catalina.core.StandardWrapperValve.invoke Servlet.service() for servlet [jsp] in context with path [/comp4321] threw exception [Unable to compile class for JSP: 

An error occurred at line: [15] in the jsp file: [/comp4321.jsp]
List cannot be resolved to a type
12:     String query = request.getParameter("query");
13:     query = query.replaceAll("\"(\\w+)\\s(\\w+)\"", "$1_$2");
14: 
15:     List<SearchResult> results = searchEngine.search(query);
16:     for (SearchResult result : results) {
17:         System.out.println(result.getTitle() + " (" + result.getUrl() + "): " + result.getScore());
18:     }


An error occurred at line: [15] in the jsp file: [/comp4321.jsp]
SearchResult cannot be resolved to a type
12:     String query = request.getParameter("query");
13:     query = query.replaceAll("\"(\\w+)\\s(\\w+)\"", "$1_$2");
14: 
15:     List<SearchResult> results = searchEngine.search(query);
16:     for (SearchResult result : results) {
17:         System.out.println(result.getTitle() + " (" + result.getUrl() + "): " + result.getScore());
18:     }


An error occurred at line: [15] in the jsp file: [/comp4321.jsp]
The type SearchEngine$SearchResult cannot be resolved. It is indirectly referenced from required type myPackage.SearchEngine
12:     String query = request.getParameter("query");
13:     query = query.replaceAll("\"(\\w+)\\s(\\w+)\"", "$1_$2");
14: 
15:     List<SearchResult> results = searchEngine.search(query);
16:     for (SearchResult result : results) {
17:         System.out.println(result.getTitle() + " (" + result.getUrl() + "): " + result.getScore());
18:     }


An error occurred at line: [15] in the jsp file: [/comp4321.jsp]
The method search(String) from the type SearchEngine refers to the missing type SearchEngine$SearchResult
12:     String query = request.getParameter("query");
13:     query = query.replaceAll("\"(\\w+)\\s(\\w+)\"", "$1_$2");
14: 
15:     List<SearchResult> results = searchEngine.search(query);
16:     for (SearchResult result : results) {
17:         System.out.println(result.getTitle() + " (" + result.getUrl() + "): " + result.getScore());
18:     }


An error occurred at line: [16] in the jsp file: [/comp4321.jsp]
SearchResult cannot be resolved to a type
13:     query = query.replaceAll("\"(\\w+)\\s(\\w+)\"", "$1_$2");
14: 
15:     List<SearchResult> results = searchEngine.search(query);
16:     for (SearchResult result : results) {
17:         System.out.println(result.getTitle() + " (" + result.getUrl() + "): " + result.getScore());
18:     }
19: }


Stacktrace:] with root cause
	org.apache.jasper.JasperException: Unable to compile class for JSP: 

An error occurred at line: [15] in the jsp file: [/comp4321.jsp]
List cannot be resolved to a type
12:     String query = request.getParameter("query");
13:     query = query.replaceAll("\"(\\w+)\\s(\\w+)\"", "$1_$2");
14: 
15:     List<SearchResult> results = searchEngine.search(query);
16:     for (SearchResult result : results) {
17:         System.out.println(result.getTitle() + " (" + result.getUrl() + "): " + result.getScore());
18:     }


An error occurred at line: [15] in the jsp file: [/comp4321.jsp]
SearchResult cannot be resolved to a type
12:     String query = request.getParameter("query");
13:     query = query.replaceAll("\"(\\w+)\\s(\\w+)\"", "$1_$2");
14: 
15:     List<SearchResult> results = searchEngine.search(query);
16:     for (SearchResult result : results) {
17:         System.out.println(result.getTitle() + " (" + result.getUrl() + "): " + result.getScore());
18:     }


An error occurred at line: [15] in the jsp file: [/comp4321.jsp]
The type SearchEngine$SearchResult cannot be resolved. It is indirectly referenced from required type myPackage.SearchEngine
12:     String query = request.getParameter("query");
13:     query = query.replaceAll("\"(\\w+)\\s(\\w+)\"", "$1_$2");
14: 
15:     List<SearchResult> results = searchEngine.search(query);
16:     for (SearchResult result : results) {
17:         System.out.println(result.getTitle() + " (" + result.getUrl() + "): " + result.getScore());
18:     }


An error occurred at line: [15] in the jsp file: [/comp4321.jsp]
The method search(String) from the type SearchEngine refers to the missing type SearchEngine$SearchResult
12:     String query = request.getParameter("query");
13:     query = query.replaceAll("\"(\\w+)\\s(\\w+)\"", "$1_$2");
14: 
15:     List<SearchResult> results = searchEngine.search(query);
16:     for (SearchResult result : results) {
17:         System.out.println(result.getTitle() + " (" + result.getUrl() + "): " + result.getScore());
18:     }


An error occurred at line: [16] in the jsp file: [/comp4321.jsp]
SearchResult cannot be resolved to a type
13:     query = query.replaceAll("\"(\\w+)\\s(\\w+)\"", "$1_$2");
14: 
15:     List<SearchResult> results = searchEngine.search(query);
16:     for (SearchResult result : results) {
17:         System.out.println(result.getTitle() + " (" + result.getUrl() + "): " + result.getScore());
18:     }
19: }


Stacktrace:
		at org.apache.jasper.compiler.DefaultErrorHandler.javacError(DefaultErrorHandler.java:102)
		at org.apache.jasper.compiler.ErrorDispatcher.javacError(ErrorDispatcher.java:214)
		at org.apache.jasper.compiler.JDTCompiler.generateClass(JDTCompiler.java:512)
		at org.apache.jasper.compiler.Compiler.compile(Compiler.java:402)
		at org.apache.jasper.compiler.Compiler.compile(Compiler.java:372)
		at org.apache.jasper.compiler.Compiler.compile(Compiler.java:356)
		at org.apache.jasper.JspCompilationContext.compile(JspCompilationContext.java:602)
		at org.apache.jasper.servlet.JspServletWrapper.service(JspServletWrapper.java:396)
		at org.apache.jasper.servlet.JspServlet.serviceJspFile(JspServlet.java:357)
		at org.apache.jasper.servlet.JspServlet.service(JspServlet.java:305)
		at jakarta.servlet.http.HttpServlet.service(HttpServlet.java:716)
		at org.apache.catalina.core.ApplicationFilterChain.doFilter(ApplicationFilterChain.java:131)
		at org.apache.tomcat.websocket.server.WsFilter.doFilter(WsFilter.java:51)
		at org.apache.catalina.core.ApplicationFilterChain.doFilter(ApplicationFilterChain.java:110)
		at org.apache.catalina.core.StandardWrapperValve.invoke(StandardWrapperValve.java:167)
		at org.apache.catalina.core.StandardContextValve.invoke(StandardContextValve.java:90)
		at org.apache.catalina.authenticator.AuthenticatorBase.invoke(AuthenticatorBase.java:482)
		at org.apache.catalina.core.StandardHostValve.invoke(StandardHostValve.java:115)
		at org.apache.catalina.valves.ErrorReportValve.invoke(ErrorReportValve.java:93)
		at org.apache.catalina.valves.AbstractAccessLogValve.invoke(AbstractAccessLogValve.java:673)
		at org.apache.catalina.core.StandardEngineValve.invoke(StandardEngineValve.java:74)
		at org.apache.catalina.connector.CoyoteAdapter.service(CoyoteAdapter.java:342)
		at org.apache.coyote.http11.Http11Processor.service(Http11Processor.java:389)
		at org.apache.coyote.AbstractProcessorLight.process(AbstractProcessorLight.java:63)
		at org.apache.coyote.AbstractProtocol$ConnectionHandler.process(AbstractProtocol.java:896)
		at org.apache.tomcat.util.net.NioEndpoint$SocketProcessor.doRun(NioEndpoint.java:1741)
		at org.apache.tomcat.util.net.SocketProcessorBase.run(SocketProcessorBase.java:52)
		at org.apache.tomcat.util.threads.ThreadPoolExecutor.runWorker(ThreadPoolExecutor.java:1149)
		at org.apache.tomcat.util.threads.ThreadPoolExecutor$Worker.run(ThreadPoolExecutor.java:636)
		at org.apache.tomcat.util.threads.TaskThread$WrappingRunnable.run(TaskThread.java:63)
		at java.base/java.lang.Thread.run(Thread.java:1583)
24-Apr-2024 15:27:56.139 資訊 [main] org.apache.catalina.core.ApplicationContext.log ContextListener: contextInitialized()
24-Apr-2024 15:27:56.140 資訊 [main] org.apache.catalina.core.ApplicationContext.log SessionListener: contextInitialized()
24-Apr-2024 15:27:56.144 資訊 [main] org.apache.catalina.core.ApplicationContext.log ContextListener: attributeAdded('StockTicker', 'async.Stockticker@29ef6856')
24-Apr-2024 15:28:01.139 嚴重 [http-nio-8080-exec-1] org.apache.catalina.core.StandardWrapperValve.invoke Servlet.service() for servlet [jsp] in context with path [/comp4321] threw exception [Unable to compile class for JSP: 

An error occurred at line: [15] in the jsp file: [/comp4321.jsp]
List cannot be resolved to a type
12:     String query = request.getParameter("query");
13:     query = query.replaceAll("\"(\\w+)\\s(\\w+)\"", "$1_$2");
14: 
15:     List<SearchResult> results = searchEngine.search(query);
16:     for (SearchResult result : results) {
17:         System.out.println(result.getTitle() + " (" + result.getUrl() + "): " + result.getScore());
18:     }


An error occurred at line: [15] in the jsp file: [/comp4321.jsp]
SearchResult cannot be resolved to a type
12:     String query = request.getParameter("query");
13:     query = query.replaceAll("\"(\\w+)\\s(\\w+)\"", "$1_$2");
14: 
15:     List<SearchResult> results = searchEngine.search(query);
16:     for (SearchResult result : results) {
17:         System.out.println(result.getTitle() + " (" + result.getUrl() + "): " + result.getScore());
18:     }


An error occurred at line: [15] in the jsp file: [/comp4321.jsp]
The type SearchEngine$SearchResult cannot be resolved. It is indirectly referenced from required type myPackage.SearchEngine
12:     String query = request.getParameter("query");
13:     query = query.replaceAll("\"(\\w+)\\s(\\w+)\"", "$1_$2");
14: 
15:     List<SearchResult> results = searchEngine.search(query);
16:     for (SearchResult result : results) {
17:         System.out.println(result.getTitle() + " (" + result.getUrl() + "): " + result.getScore());
18:     }


An error occurred at line: [15] in the jsp file: [/comp4321.jsp]
The method search(String) from the type SearchEngine refers to the missing type SearchEngine$SearchResult
12:     String query = request.getParameter("query");
13:     query = query.replaceAll("\"(\\w+)\\s(\\w+)\"", "$1_$2");
14: 
15:     List<SearchResult> results = searchEngine.search(query);
16:     for (SearchResult result : results) {
17:         System.out.println(result.getTitle() + " (" + result.getUrl() + "): " + result.getScore());
18:     }


An error occurred at line: [16] in the jsp file: [/comp4321.jsp]
SearchResult cannot be resolved to a type
13:     query = query.replaceAll("\"(\\w+)\\s(\\w+)\"", "$1_$2");
14: 
15:     List<SearchResult> results = searchEngine.search(query);
16:     for (SearchResult result : results) {
17:         System.out.println(result.getTitle() + " (" + result.getUrl() + "): " + result.getScore());
18:     }
19: }


Stacktrace:] with root cause
	org.apache.jasper.JasperException: Unable to compile class for JSP: 

An error occurred at line: [15] in the jsp file: [/comp4321.jsp]
List cannot be resolved to a type
12:     String query = request.getParameter("query");
13:     query = query.replaceAll("\"(\\w+)\\s(\\w+)\"", "$1_$2");
14: 
15:     List<SearchResult> results = searchEngine.search(query);
16:     for (SearchResult result : results) {
17:         System.out.println(result.getTitle() + " (" + result.getUrl() + "): " + result.getScore());
18:     }


An error occurred at line: [15] in the jsp file: [/comp4321.jsp]
SearchResult cannot be resolved to a type
12:     String query = request.getParameter("query");
13:     query = query.replaceAll("\"(\\w+)\\s(\\w+)\"", "$1_$2");
14: 
15:     List<SearchResult> results = searchEngine.search(query);
16:     for (SearchResult result : results) {
17:         System.out.println(result.getTitle() + " (" + result.getUrl() + "): " + result.getScore());
18:     }


An error occurred at line: [15] in the jsp file: [/comp4321.jsp]
The type SearchEngine$SearchResult cannot be resolved. It is indirectly referenced from required type myPackage.SearchEngine
12:     String query = request.getParameter("query");
13:     query = query.replaceAll("\"(\\w+)\\s(\\w+)\"", "$1_$2");
14: 
15:     List<SearchResult> results = searchEngine.search(query);
16:     for (SearchResult result : results) {
17:         System.out.println(result.getTitle() + " (" + result.getUrl() + "): " + result.getScore());
18:     }


An error occurred at line: [15] in the jsp file: [/comp4321.jsp]
The method search(String) from the type SearchEngine refers to the missing type SearchEngine$SearchResult
12:     String query = request.getParameter("query");
13:     query = query.replaceAll("\"(\\w+)\\s(\\w+)\"", "$1_$2");
14: 
15:     List<SearchResult> results = searchEngine.search(query);
16:     for (SearchResult result : results) {
17:         System.out.println(result.getTitle() + " (" + result.getUrl() + "): " + result.getScore());
18:     }


An error occurred at line: [16] in the jsp file: [/comp4321.jsp]
SearchResult cannot be resolved to a type
13:     query = query.replaceAll("\"(\\w+)\\s(\\w+)\"", "$1_$2");
14: 
15:     List<SearchResult> results = searchEngine.search(query);
16:     for (SearchResult result : results) {
17:         System.out.println(result.getTitle() + " (" + result.getUrl() + "): " + result.getScore());
18:     }
19: }


Stacktrace:
		at org.apache.jasper.compiler.DefaultErrorHandler.javacError(DefaultErrorHandler.java:102)
		at org.apache.jasper.compiler.ErrorDispatcher.javacError(ErrorDispatcher.java:214)
		at org.apache.jasper.compiler.JDTCompiler.generateClass(JDTCompiler.java:512)
		at org.apache.jasper.compiler.Compiler.compile(Compiler.java:402)
		at org.apache.jasper.compiler.Compiler.compile(Compiler.java:372)
		at org.apache.jasper.compiler.Compiler.compile(Compiler.java:356)
		at org.apache.jasper.JspCompilationContext.compile(JspCompilationContext.java:602)
		at org.apache.jasper.servlet.JspServletWrapper.service(JspServletWrapper.java:396)
		at org.apache.jasper.servlet.JspServlet.serviceJspFile(JspServlet.java:357)
		at org.apache.jasper.servlet.JspServlet.service(JspServlet.java:305)
		at jakarta.servlet.http.HttpServlet.service(HttpServlet.java:716)
		at org.apache.catalina.core.ApplicationFilterChain.doFilter(ApplicationFilterChain.java:131)
		at org.apache.tomcat.websocket.server.WsFilter.doFilter(WsFilter.java:51)
		at org.apache.catalina.core.ApplicationFilterChain.doFilter(ApplicationFilterChain.java:110)
		at org.apache.catalina.core.StandardWrapperValve.invoke(StandardWrapperValve.java:167)
		at org.apache.catalina.core.StandardContextValve.invoke(StandardContextValve.java:90)
		at org.apache.catalina.authenticator.AuthenticatorBase.invoke(AuthenticatorBase.java:482)
		at org.apache.catalina.core.StandardHostValve.invoke(StandardHostValve.java:115)
		at org.apache.catalina.valves.ErrorReportValve.invoke(ErrorReportValve.java:93)
		at org.apache.catalina.valves.AbstractAccessLogValve.invoke(AbstractAccessLogValve.java:673)
		at org.apache.catalina.core.StandardEngineValve.invoke(StandardEngineValve.java:74)
		at org.apache.catalina.connector.CoyoteAdapter.service(CoyoteAdapter.java:342)
		at org.apache.coyote.http11.Http11Processor.service(Http11Processor.java:389)
		at org.apache.coyote.AbstractProcessorLight.process(AbstractProcessorLight.java:63)
		at org.apache.coyote.AbstractProtocol$ConnectionHandler.process(AbstractProtocol.java:896)
		at org.apache.tomcat.util.net.NioEndpoint$SocketProcessor.doRun(NioEndpoint.java:1741)
		at org.apache.tomcat.util.net.SocketProcessorBase.run(SocketProcessorBase.java:52)
		at org.apache.tomcat.util.threads.ThreadPoolExecutor.runWorker(ThreadPoolExecutor.java:1149)
		at org.apache.tomcat.util.threads.ThreadPoolExecutor$Worker.run(ThreadPoolExecutor.java:636)
		at org.apache.tomcat.util.threads.TaskThread$WrappingRunnable.run(TaskThread.java:63)
		at java.base/java.lang.Thread.run(Thread.java:1583)
24-Apr-2024 15:29:50.949 嚴重 [http-nio-8080-exec-3] org.apache.catalina.core.StandardWrapperValve.invoke Servlet.service() for servlet [jsp] in context with path [/comp4321] threw exception [Unable to compile class for JSP: 

An error occurred at line: [1] in the generated java file: [C:\Users\kevin\Documents\GitHub\comp4321\apache-tomcat-11.0.0-M19\work\Catalina\localhost\comp4321\org\apache\jsp\comp4321_jsp.java]
The type SearchEngine$SearchResult cannot be resolved. It is indirectly referenced from required type myPackage.SearchEngine

An error occurred at line: [16] in the generated java file: [C:\Users\kevin\Documents\GitHub\comp4321\apache-tomcat-11.0.0-M19\work\Catalina\localhost\comp4321\org\apache\jsp\comp4321_jsp.java]
The import myPackage.SearchEngine.SearchResult cannot be resolved

An error occurred at line: [18] in the jsp file: [/comp4321.jsp]
SearchResult cannot be resolved to a type
15:     String query = request.getParameter("query");
16:     query = query.replaceAll("\"(\\w+)\\s(\\w+)\"", "$1_$2");
17: 
18:     List<SearchResult> results = searchEngine.search(query);
19:     for (SearchResult result : results) {
20:         out.println(result.getTitle() + " (" + result.getUrl() + "): " + result.getScore() + "<br>");
21:     }


An error occurred at line: [18] in the jsp file: [/comp4321.jsp]
The method search(String) from the type SearchEngine refers to the missing type SearchEngine$SearchResult
15:     String query = request.getParameter("query");
16:     query = query.replaceAll("\"(\\w+)\\s(\\w+)\"", "$1_$2");
17: 
18:     List<SearchResult> results = searchEngine.search(query);
19:     for (SearchResult result : results) {
20:         out.println(result.getTitle() + " (" + result.getUrl() + "): " + result.getScore() + "<br>");
21:     }


An error occurred at line: [19] in the jsp file: [/comp4321.jsp]
SearchResult cannot be resolved to a type
16:     query = query.replaceAll("\"(\\w+)\\s(\\w+)\"", "$1_$2");
17: 
18:     List<SearchResult> results = searchEngine.search(query);
19:     for (SearchResult result : results) {
20:         out.println(result.getTitle() + " (" + result.getUrl() + "): " + result.getScore() + "<br>");
21:     }
22: }


Stacktrace:] with root cause
	org.apache.jasper.JasperException: Unable to compile class for JSP: 

An error occurred at line: [1] in the generated java file: [C:\Users\kevin\Documents\GitHub\comp4321\apache-tomcat-11.0.0-M19\work\Catalina\localhost\comp4321\org\apache\jsp\comp4321_jsp.java]
The type SearchEngine$SearchResult cannot be resolved. It is indirectly referenced from required type myPackage.SearchEngine

An error occurred at line: [16] in the generated java file: [C:\Users\kevin\Documents\GitHub\comp4321\apache-tomcat-11.0.0-M19\work\Catalina\localhost\comp4321\org\apache\jsp\comp4321_jsp.java]
The import myPackage.SearchEngine.SearchResult cannot be resolved

An error occurred at line: [18] in the jsp file: [/comp4321.jsp]
SearchResult cannot be resolved to a type
15:     String query = request.getParameter("query");
16:     query = query.replaceAll("\"(\\w+)\\s(\\w+)\"", "$1_$2");
17: 
18:     List<SearchResult> results = searchEngine.search(query);
19:     for (SearchResult result : results) {
20:         out.println(result.getTitle() + " (" + result.getUrl() + "): " + result.getScore() + "<br>");
21:     }


An error occurred at line: [18] in the jsp file: [/comp4321.jsp]
The method search(String) from the type SearchEngine refers to the missing type SearchEngine$SearchResult
15:     String query = request.getParameter("query");
16:     query = query.replaceAll("\"(\\w+)\\s(\\w+)\"", "$1_$2");
17: 
18:     List<SearchResult> results = searchEngine.search(query);
19:     for (SearchResult result : results) {
20:         out.println(result.getTitle() + " (" + result.getUrl() + "): " + result.getScore() + "<br>");
21:     }


An error occurred at line: [19] in the jsp file: [/comp4321.jsp]
SearchResult cannot be resolved to a type
16:     query = query.replaceAll("\"(\\w+)\\s(\\w+)\"", "$1_$2");
17: 
18:     List<SearchResult> results = searchEngine.search(query);
19:     for (SearchResult result : results) {
20:         out.println(result.getTitle() + " (" + result.getUrl() + "): " + result.getScore() + "<br>");
21:     }
22: }


Stacktrace:
		at org.apache.jasper.compiler.DefaultErrorHandler.javacError(DefaultErrorHandler.java:102)
		at org.apache.jasper.compiler.ErrorDispatcher.javacError(ErrorDispatcher.java:214)
		at org.apache.jasper.compiler.JDTCompiler.generateClass(JDTCompiler.java:512)
		at org.apache.jasper.compiler.Compiler.compile(Compiler.java:402)
		at org.apache.jasper.compiler.Compiler.compile(Compiler.java:372)
		at org.apache.jasper.compiler.Compiler.compile(Compiler.java:356)
		at org.apache.jasper.JspCompilationContext.compile(JspCompilationContext.java:602)
		at org.apache.jasper.servlet.JspServletWrapper.service(JspServletWrapper.java:396)
		at org.apache.jasper.servlet.JspServlet.serviceJspFile(JspServlet.java:357)
		at org.apache.jasper.servlet.JspServlet.service(JspServlet.java:305)
		at jakarta.servlet.http.HttpServlet.service(HttpServlet.java:716)
		at org.apache.catalina.core.ApplicationFilterChain.doFilter(ApplicationFilterChain.java:131)
		at org.apache.tomcat.websocket.server.WsFilter.doFilter(WsFilter.java:51)
		at org.apache.catalina.core.ApplicationFilterChain.doFilter(ApplicationFilterChain.java:110)
		at org.apache.catalina.core.StandardWrapperValve.invoke(StandardWrapperValve.java:167)
		at org.apache.catalina.core.StandardContextValve.invoke(StandardContextValve.java:90)
		at org.apache.catalina.authenticator.AuthenticatorBase.invoke(AuthenticatorBase.java:482)
		at org.apache.catalina.core.StandardHostValve.invoke(StandardHostValve.java:115)
		at org.apache.catalina.valves.ErrorReportValve.invoke(ErrorReportValve.java:93)
		at org.apache.catalina.valves.AbstractAccessLogValve.invoke(AbstractAccessLogValve.java:673)
		at org.apache.catalina.core.StandardEngineValve.invoke(StandardEngineValve.java:74)
		at org.apache.catalina.connector.CoyoteAdapter.service(CoyoteAdapter.java:342)
		at org.apache.coyote.http11.Http11Processor.service(Http11Processor.java:389)
		at org.apache.coyote.AbstractProcessorLight.process(AbstractProcessorLight.java:63)
		at org.apache.coyote.AbstractProtocol$ConnectionHandler.process(AbstractProtocol.java:896)
		at org.apache.tomcat.util.net.NioEndpoint$SocketProcessor.doRun(NioEndpoint.java:1741)
		at org.apache.tomcat.util.net.SocketProcessorBase.run(SocketProcessorBase.java:52)
		at org.apache.tomcat.util.threads.ThreadPoolExecutor.runWorker(ThreadPoolExecutor.java:1149)
		at org.apache.tomcat.util.threads.ThreadPoolExecutor$Worker.run(ThreadPoolExecutor.java:636)
		at org.apache.tomcat.util.threads.TaskThread$WrappingRunnable.run(TaskThread.java:63)
		at java.base/java.lang.Thread.run(Thread.java:1583)
